#! /usr/bin/vvp
:ivl_version "12.0 (stable)";
:ivl_delay_selection "TYPICAL";
:vpi_time_precision + 0;
:vpi_module "/usr/lib64/ivl/system.vpi";
:vpi_module "/usr/lib64/ivl/vhdl_sys.vpi";
:vpi_module "/usr/lib64/ivl/vhdl_textio.vpi";
:vpi_module "/usr/lib64/ivl/v2005_math.vpi";
:vpi_module "/usr/lib64/ivl/va_math.vpi";
S_0x55674c97b900 .scope module, "testMux4to1" "testMux4to1" 2 1;
 .timescale 0 0;
v0x55674c9a48a0_0 .var "clk", 0 0;
v0x55674c9a4960_0 .var "i", 2 0;
v0x55674c9a4a40_0 .var "in", 3 0;
v0x55674c9a4ae0_0 .net "out", 0 0, L_0x55674c9a6000;  1 drivers
v0x55674c9a4bb0_0 .var "rst", 0 0;
v0x55674c9a4c50_0 .var "sel", 1 0;
E_0x55674c94ce80 .event posedge, v0x55674c9a4bb0_0, v0x55674c9a48a0_0;
S_0x55674c986870 .scope module, "dut" "mux4to1" 2 6, 3 1 0, S_0x55674c97b900;
 .timescale 0 0;
    .port_info 0 /INPUT 4 "in";
    .port_info 1 /INPUT 2 "sel";
    .port_info 2 /OUTPUT 1 "out";
L_0x55674c9a4e10 .functor NOT 1, L_0x55674c9a4cf0, C4<0>, C4<0>, C4<0>;
L_0x55674c9a4f70 .functor NOT 1, L_0x55674c9a4ed0, C4<0>, C4<0>, C4<0>;
L_0x55674c9a5060 .functor AND 1, L_0x55674c9a4e10, L_0x55674c9a4f70, C4<1>, C4<1>;
L_0x55674c9a5260 .functor AND 1, L_0x55674c9a5060, L_0x55674c9a5170, C4<1>, C4<1>;
L_0x55674c9a5470 .functor NOT 1, L_0x55674c9a53a0, C4<0>, C4<0>, C4<0>;
L_0x55674c9a5580 .functor AND 1, L_0x55674c9a5470, L_0x55674c9a54e0, C4<1>, C4<1>;
L_0x55674c9a57b0 .functor AND 1, L_0x55674c9a5580, L_0x55674c9a56d0, C4<1>, C4<1>;
L_0x55674c9a58c0 .functor OR 1, L_0x55674c9a5260, L_0x55674c9a57b0, C4<0>, C4<0>;
L_0x55674c9a5bb0 .functor NOT 1, L_0x55674c9a5ac0, C4<0>, C4<0>, C4<0>;
L_0x55674c9a5c70 .functor AND 1, L_0x55674c9a5a20, L_0x55674c9a5bb0, C4<1>, C4<1>;
L_0x55674c9a5e80 .functor AND 1, L_0x55674c9a5c70, L_0x55674c9a5de0, C4<1>, C4<1>;
L_0x55674c9a5ef0 .functor OR 1, L_0x55674c9a58c0, L_0x55674c9a5e80, C4<0>, C4<0>;
L_0x55674c9a6210 .functor AND 1, L_0x55674c9a6070, L_0x55674c9a6170, C4<1>, C4<1>;
L_0x55674c9a63e0 .functor AND 1, L_0x55674c9a6210, L_0x55674c9a62d0, C4<1>, C4<1>;
L_0x55674c9a6000 .functor OR 1, L_0x55674c9a5ef0, L_0x55674c9a63e0, C4<0>, C4<0>;
v0x55674c986aa0_0 .net *"_ivl_1", 0 0, L_0x55674c9a4cf0;  1 drivers
v0x55674c9a2f90_0 .net *"_ivl_11", 0 0, L_0x55674c9a5170;  1 drivers
v0x55674c9a3070_0 .net *"_ivl_12", 0 0, L_0x55674c9a5260;  1 drivers
v0x55674c9a3130_0 .net *"_ivl_15", 0 0, L_0x55674c9a53a0;  1 drivers
v0x55674c9a3210_0 .net *"_ivl_16", 0 0, L_0x55674c9a5470;  1 drivers
v0x55674c9a3340_0 .net *"_ivl_19", 0 0, L_0x55674c9a54e0;  1 drivers
v0x55674c9a3420_0 .net *"_ivl_2", 0 0, L_0x55674c9a4e10;  1 drivers
v0x55674c9a3500_0 .net *"_ivl_20", 0 0, L_0x55674c9a5580;  1 drivers
v0x55674c9a35e0_0 .net *"_ivl_23", 0 0, L_0x55674c9a56d0;  1 drivers
v0x55674c9a36c0_0 .net *"_ivl_24", 0 0, L_0x55674c9a57b0;  1 drivers
v0x55674c9a37a0_0 .net *"_ivl_26", 0 0, L_0x55674c9a58c0;  1 drivers
v0x55674c9a3880_0 .net *"_ivl_29", 0 0, L_0x55674c9a5a20;  1 drivers
v0x55674c9a3960_0 .net *"_ivl_31", 0 0, L_0x55674c9a5ac0;  1 drivers
v0x55674c9a3a40_0 .net *"_ivl_32", 0 0, L_0x55674c9a5bb0;  1 drivers
v0x55674c9a3b20_0 .net *"_ivl_34", 0 0, L_0x55674c9a5c70;  1 drivers
v0x55674c9a3c00_0 .net *"_ivl_37", 0 0, L_0x55674c9a5de0;  1 drivers
v0x55674c9a3ce0_0 .net *"_ivl_38", 0 0, L_0x55674c9a5e80;  1 drivers
v0x55674c9a3dc0_0 .net *"_ivl_40", 0 0, L_0x55674c9a5ef0;  1 drivers
v0x55674c9a3ea0_0 .net *"_ivl_43", 0 0, L_0x55674c9a6070;  1 drivers
v0x55674c9a3f80_0 .net *"_ivl_45", 0 0, L_0x55674c9a6170;  1 drivers
v0x55674c9a4060_0 .net *"_ivl_46", 0 0, L_0x55674c9a6210;  1 drivers
v0x55674c9a4140_0 .net *"_ivl_49", 0 0, L_0x55674c9a62d0;  1 drivers
v0x55674c9a4220_0 .net *"_ivl_5", 0 0, L_0x55674c9a4ed0;  1 drivers
v0x55674c9a4300_0 .net *"_ivl_50", 0 0, L_0x55674c9a63e0;  1 drivers
v0x55674c9a43e0_0 .net *"_ivl_6", 0 0, L_0x55674c9a4f70;  1 drivers
v0x55674c9a44c0_0 .net *"_ivl_8", 0 0, L_0x55674c9a5060;  1 drivers
v0x55674c9a45a0_0 .net "in", 3 0, v0x55674c9a4a40_0;  1 drivers
v0x55674c9a4680_0 .net "out", 0 0, L_0x55674c9a6000;  alias, 1 drivers
v0x55674c9a4740_0 .net "sel", 1 0, v0x55674c9a4c50_0;  1 drivers
L_0x55674c9a4cf0 .part v0x55674c9a4c50_0, 0, 1;
L_0x55674c9a4ed0 .part v0x55674c9a4c50_0, 1, 1;
L_0x55674c9a5170 .part v0x55674c9a4a40_0, 0, 1;
L_0x55674c9a53a0 .part v0x55674c9a4c50_0, 1, 1;
L_0x55674c9a54e0 .part v0x55674c9a4c50_0, 0, 1;
L_0x55674c9a56d0 .part v0x55674c9a4a40_0, 1, 1;
L_0x55674c9a5a20 .part v0x55674c9a4c50_0, 1, 1;
L_0x55674c9a5ac0 .part v0x55674c9a4c50_0, 0, 1;
L_0x55674c9a5de0 .part v0x55674c9a4a40_0, 2, 1;
L_0x55674c9a6070 .part v0x55674c9a4c50_0, 1, 1;
L_0x55674c9a6170 .part v0x55674c9a4c50_0, 0, 1;
L_0x55674c9a62d0 .part v0x55674c9a4a40_0, 3, 1;
    .scope S_0x55674c97b900;
T_0 ;
    %pushi/vec4 0, 0, 1;
    %store/vec4 v0x55674c9a48a0_0, 0, 1;
    %pushi/vec4 1, 0, 1;
    %store/vec4 v0x55674c9a4bb0_0, 0, 1;
    %delay 20, 0;
    %pushi/vec4 0, 0, 1;
    %store/vec4 v0x55674c9a4bb0_0, 0, 1;
    %end;
    .thread T_0;
    .scope S_0x55674c97b900;
T_1 ;
    %delay 10, 0;
    %load/vec4 v0x55674c9a48a0_0;
    %inv;
    %store/vec4 v0x55674c9a48a0_0, 0, 1;
    %jmp T_1;
    .thread T_1;
    .scope S_0x55674c97b900;
T_2 ;
    %wait E_0x55674c94ce80;
    %load/vec4 v0x55674c9a4bb0_0;
    %flag_set/vec4 8;
    %jmp/0xz  T_2.0, 8;
    %pushi/vec4 0, 0, 3;
    %assign/vec4 v0x55674c9a4960_0, 0;
    %jmp T_2.1;
T_2.0 ;
    %vpi_func 2 25 "$urandom" 32 {0 0 0};
    %pushi/vec4 16, 0, 32;
    %mod;
    %pad/u 4;
    %assign/vec4 v0x55674c9a4a40_0, 0;
    %vpi_func 2 26 "$urandom" 32 {0 0 0};
    %pushi/vec4 4, 0, 32;
    %mod;
    %pad/u 2;
    %assign/vec4 v0x55674c9a4c50_0, 0;
    %load/vec4 v0x55674c9a4960_0;
    %addi 1, 0, 3;
    %store/vec4 v0x55674c9a4960_0, 0, 3;
    %load/vec4 v0x55674c9a4960_0;
    %pad/u 32;
    %cmpi/e 5, 0, 32;
    %jmp/0xz  T_2.2, 4;
    %delay 10, 0;
    %vpi_call 2 29 "$finish" {0 0 0};
T_2.2 ;
T_2.1 ;
    %jmp T_2;
    .thread T_2;
    .scope S_0x55674c97b900;
T_3 ;
    %vpi_call 2 34 "$monitor", "%d: in=%b,sel=%b,out=%b", $time, v0x55674c9a4a40_0, v0x55674c9a4c50_0, v0x55674c9a4ae0_0 {0 0 0};
    %vpi_call 2 35 "$dumpfile", "waveform.vcd" {0 0 0};
    %vpi_call 2 36 "$dumpvars" {0 0 0};
    %end;
    .thread T_3;
# The file index is used to find the file name in the following table.
:file_names 4;
    "N/A";
    "<interactive>";
    "testProgram.v";
    "program.v";
