#! /usr/bin/vvp
:ivl_version "12.0 (stable)";
:ivl_delay_selection "TYPICAL";
:vpi_time_precision + 0;
:vpi_module "/usr/lib64/ivl/system.vpi";
:vpi_module "/usr/lib64/ivl/vhdl_sys.vpi";
:vpi_module "/usr/lib64/ivl/vhdl_textio.vpi";
:vpi_module "/usr/lib64/ivl/v2005_math.vpi";
:vpi_module "/usr/lib64/ivl/va_math.vpi";
S_0x55638c210d00 .scope module, "testPriorityEncoder" "testPriorityEncoder" 2 1;
 .timescale 0 0;
v0x55638c23a310_0 .var "cin", 0 0;
v0x55638c23a400_0 .var "clk", 0 0;
v0x55638c23a4c0_0 .net "cout", 0 0, L_0x55638c23add0;  1 drivers
v0x55638c23a560_0 .var "o", 7 0;
v0x55638c23a600_0 .var "rst", 0 0;
v0x55638c23a710_0 .net "sum", 0 0, L_0x55638c23acb0;  1 drivers
v0x55638c23a800_0 .var "x", 0 0;
v0x55638c23a8f0_0 .var "y", 0 0;
E_0x55638c21f940 .event posedge, v0x55638c23a600_0, v0x55638c23a400_0;
S_0x55638c1e5510 .scope module, "dut" "fullAdder" 2 4, 3 9 0, S_0x55638c210d00;
 .timescale 0 0;
    .port_info 0 /INPUT 1 "x";
    .port_info 1 /INPUT 1 "y";
    .port_info 2 /INPUT 1 "cin";
    .port_info 3 /OUTPUT 1 "sum";
    .port_info 4 /OUTPUT 1 "cout";
L_0x55638c23add0 .functor OR 1, L_0x55638c23a9e0, L_0x55638c23ab70, C4<0>, C4<0>;
v0x55638c239c60_0 .net "c1", 0 0, L_0x55638c23a9e0;  1 drivers
v0x55638c239d20_0 .net "c2", 0 0, L_0x55638c23ab70;  1 drivers
v0x55638c239df0_0 .net "cin", 0 0, v0x55638c23a310_0;  1 drivers
v0x55638c239ef0_0 .net "cout", 0 0, L_0x55638c23add0;  alias, 1 drivers
v0x55638c239f90_0 .net "s1", 0 0, L_0x55638c23aae0;  1 drivers
v0x55638c23a0d0_0 .net "sum", 0 0, L_0x55638c23acb0;  alias, 1 drivers
v0x55638c23a170_0 .net "x", 0 0, v0x55638c23a800_0;  1 drivers
v0x55638c23a210_0 .net "y", 0 0, v0x55638c23a8f0_0;  1 drivers
S_0x55638c1e56f0 .scope module, "h1" "halfAdder" 3 14, 3 1 0, S_0x55638c1e5510;
 .timescale 0 0;
    .port_info 0 /INPUT 1 "x";
    .port_info 1 /INPUT 1 "y";
    .port_info 2 /OUTPUT 1 "cout";
    .port_info 3 /OUTPUT 1 "sum";
L_0x55638c23a9e0 .functor AND 1, v0x55638c23a800_0, v0x55638c23a8f0_0, C4<1>, C4<1>;
L_0x55638c23aae0 .functor XOR 1, v0x55638c23a800_0, v0x55638c23a8f0_0, C4<0>, C4<0>;
v0x55638c220760_0 .net "cout", 0 0, L_0x55638c23a9e0;  alias, 1 drivers
v0x55638c239430_0 .net "sum", 0 0, L_0x55638c23aae0;  alias, 1 drivers
v0x55638c2394f0_0 .net "x", 0 0, v0x55638c23a800_0;  alias, 1 drivers
v0x55638c239590_0 .net "y", 0 0, v0x55638c23a8f0_0;  alias, 1 drivers
S_0x55638c2396d0 .scope module, "h2" "halfAdder" 3 15, 3 1 0, S_0x55638c1e5510;
 .timescale 0 0;
    .port_info 0 /INPUT 1 "x";
    .port_info 1 /INPUT 1 "y";
    .port_info 2 /OUTPUT 1 "cout";
    .port_info 3 /OUTPUT 1 "sum";
L_0x55638c23ab70 .functor AND 1, L_0x55638c23aae0, v0x55638c23a310_0, C4<1>, C4<1>;
L_0x55638c23acb0 .functor XOR 1, L_0x55638c23aae0, v0x55638c23a310_0, C4<0>, C4<0>;
v0x55638c239940_0 .net "cout", 0 0, L_0x55638c23ab70;  alias, 1 drivers
v0x55638c239a00_0 .net "sum", 0 0, L_0x55638c23acb0;  alias, 1 drivers
v0x55638c239ac0_0 .net "x", 0 0, L_0x55638c23aae0;  alias, 1 drivers
v0x55638c239b60_0 .net "y", 0 0, v0x55638c23a310_0;  alias, 1 drivers
    .scope S_0x55638c210d00;
T_0 ;
    %pushi/vec4 0, 0, 1;
    %store/vec4 v0x55638c23a400_0, 0, 1;
    %pushi/vec4 1, 0, 1;
    %store/vec4 v0x55638c23a600_0, 0, 1;
    %delay 20, 0;
    %pushi/vec4 0, 0, 1;
    %store/vec4 v0x55638c23a600_0, 0, 1;
    %end;
    .thread T_0;
    .scope S_0x55638c210d00;
T_1 ;
    %delay 10, 0;
    %load/vec4 v0x55638c23a400_0;
    %inv;
    %store/vec4 v0x55638c23a400_0, 0, 1;
    %jmp T_1;
    .thread T_1;
    .scope S_0x55638c210d00;
T_2 ;
    %wait E_0x55638c21f940;
    %load/vec4 v0x55638c23a600_0;
    %flag_set/vec4 8;
    %jmp/0xz  T_2.0, 8;
    %pushi/vec4 0, 0, 8;
    %assign/vec4 v0x55638c23a560_0, 0;
    %jmp T_2.1;
T_2.0 ;
    %vpi_func 2 23 "$random" 32 {0 0 0};
    %pushi/vec4 2, 0, 32;
    %mod/s;
    %pad/s 1;
    %store/vec4 v0x55638c23a800_0, 0, 1;
    %vpi_func 2 24 "$random" 32 {0 0 0};
    %pushi/vec4 2, 0, 32;
    %mod/s;
    %pad/s 1;
    %store/vec4 v0x55638c23a8f0_0, 0, 1;
    %vpi_func 2 25 "$random" 32 {0 0 0};
    %pushi/vec4 2, 0, 32;
    %mod/s;
    %pad/s 1;
    %store/vec4 v0x55638c23a310_0, 0, 1;
    %load/vec4 v0x55638c23a560_0;
    %addi 1, 0, 8;
    %assign/vec4 v0x55638c23a560_0, 0;
    %load/vec4 v0x55638c23a560_0;
    %pad/u 32;
    %cmpi/e 5, 0, 32;
    %jmp/0xz  T_2.2, 4;
    %delay 10, 0;
    %vpi_call 2 29 "$finish" {0 0 0};
T_2.2 ;
T_2.1 ;
    %jmp T_2;
    .thread T_2;
    .scope S_0x55638c210d00;
T_3 ;
    %vpi_call 2 35 "$monitor", "%d: x=%b,y=%b,cin=%b,sum=%b,cout=%b", $time, v0x55638c23a800_0, v0x55638c23a8f0_0, v0x55638c23a310_0, v0x55638c23a710_0, v0x55638c23a4c0_0 {0 0 0};
    %vpi_call 2 36 "$dumpfile", "waveform.vcd" {0 0 0};
    %vpi_call 2 37 "$dumpvars" {0 0 0};
    %end;
    .thread T_3;
# The file index is used to find the file name in the following table.
:file_names 4;
    "N/A";
    "<interactive>";
    "testProgram.v";
    "program.v";
