#! /usr/bin/vvp
:ivl_version "12.0 (stable)";
:ivl_delay_selection "TYPICAL";
:vpi_time_precision + 0;
:vpi_module "/usr/lib64/ivl/system.vpi";
:vpi_module "/usr/lib64/ivl/vhdl_sys.vpi";
:vpi_module "/usr/lib64/ivl/vhdl_textio.vpi";
:vpi_module "/usr/lib64/ivl/v2005_math.vpi";
:vpi_module "/usr/lib64/ivl/va_math.vpi";
S_0x560984987510 .scope module, "testNotGate" "testNotGate" 2 1;
 .timescale 0 0;
v0x5609849d0910_0 .var "x", 0 0;
v0x5609849d09b0_0 .net "y", 0 0, L_0x5609849d0a80;  1 drivers
S_0x5609849876a0 .scope module, "uut" "notGate" 2 4, 3 1 0, S_0x560984987510;
 .timescale 0 0;
    .port_info 0 /INPUT 1 "x";
    .port_info 1 /OUTPUT 1 "y";
L_0x5609849d0a80 .functor NOT 1, v0x5609849d0910_0, C4<0>, C4<0>, C4<0>;
v0x5609849c13b0_0 .net "x", 0 0, v0x5609849d0910_0;  1 drivers
v0x5609849d07f0_0 .net "y", 0 0, L_0x5609849d0a80;  alias, 1 drivers
    .scope S_0x560984987510;
T_0 ;
    %vpi_call 2 7 "$dumpfile", "wave.vcd" {0 0 0};
    %vpi_call 2 8 "$dumpvars", 32'sb00000000000000000000000000000000, S_0x560984987510 {0 0 0};
    %vpi_call 2 9 "$display", " not gate " {0 0 0};
    %vpi_call 2 10 "$display", "x  y" {0 0 0};
    %pushi/vec4 0, 0, 1;
    %store/vec4 v0x5609849d0910_0, 0, 1;
    %delay 10, 0;
    %vpi_call 2 13 "$display", "%b  %b", v0x5609849d0910_0, v0x5609849d09b0_0 {0 0 0};
    %pushi/vec4 1, 0, 1;
    %store/vec4 v0x5609849d0910_0, 0, 1;
    %delay 10, 0;
    %vpi_call 2 16 "$display", "%b  %b", v0x5609849d0910_0, v0x5609849d09b0_0 {0 0 0};
    %vpi_call 2 18 "$finish" {0 0 0};
    %end;
    .thread T_0;
# The file index is used to find the file name in the following table.
:file_names 4;
    "N/A";
    "<interactive>";
    "notGateTest.v";
    "notGate.v";
