#! /usr/bin/vvp
:ivl_version "12.0 (stable)";
:ivl_delay_selection "TYPICAL";
:vpi_time_precision + 0;
:vpi_module "/usr/lib64/ivl/system.vpi";
:vpi_module "/usr/lib64/ivl/vhdl_sys.vpi";
:vpi_module "/usr/lib64/ivl/vhdl_textio.vpi";
:vpi_module "/usr/lib64/ivl/v2005_math.vpi";
:vpi_module "/usr/lib64/ivl/va_math.vpi";
S_0x5626217b3380 .scope module, "testPriorityEncoder" "testPriorityEncoder" 2 1;
 .timescale 0 0;
v0x5626217d9820_0 .var "clk", 0 0;
v0x5626217d9900_0 .net "cout", 0 0, L_0x5626217d9d60;  1 drivers
v0x5626217d99c0_0 .var "o", 7 0;
v0x5626217d9a60_0 .var "rst", 0 0;
v0x5626217d9b00_0 .net "sum", 0 0, L_0x5626217d9ec0;  1 drivers
v0x5626217d9bf0_0 .var "x", 0 0;
v0x5626217d9c90_0 .var "y", 0 0;
E_0x56262178ad20 .event posedge, v0x5626217d9a60_0, v0x5626217d9820_0;
S_0x5626217c3700 .scope module, "dut" "halfAdder" 2 4, 3 1 0, S_0x5626217b3380;
 .timescale 0 0;
    .port_info 0 /INPUT 1 "x";
    .port_info 1 /INPUT 1 "y";
    .port_info 2 /OUTPUT 1 "cout";
    .port_info 3 /OUTPUT 1 "sum";
L_0x5626217d9d60 .functor AND 1, v0x5626217d9bf0_0, v0x5626217d9c90_0, C4<1>, C4<1>;
L_0x5626217d9ec0 .functor XOR 1, v0x5626217d9bf0_0, v0x5626217d9c90_0, C4<0>, C4<0>;
v0x5626217c3950_0 .net "cout", 0 0, L_0x5626217d9d60;  alias, 1 drivers
v0x5626217d9580_0 .net "sum", 0 0, L_0x5626217d9ec0;  alias, 1 drivers
v0x5626217d9640_0 .net "x", 0 0, v0x5626217d9bf0_0;  1 drivers
v0x5626217d96e0_0 .net "y", 0 0, v0x5626217d9c90_0;  1 drivers
    .scope S_0x5626217b3380;
T_0 ;
    %pushi/vec4 0, 0, 1;
    %store/vec4 v0x5626217d9820_0, 0, 1;
    %pushi/vec4 1, 0, 1;
    %store/vec4 v0x5626217d9a60_0, 0, 1;
    %delay 20, 0;
    %pushi/vec4 0, 0, 1;
    %store/vec4 v0x5626217d9a60_0, 0, 1;
    %end;
    .thread T_0;
    .scope S_0x5626217b3380;
T_1 ;
    %delay 10, 0;
    %load/vec4 v0x5626217d9820_0;
    %inv;
    %store/vec4 v0x5626217d9820_0, 0, 1;
    %jmp T_1;
    .thread T_1;
    .scope S_0x5626217b3380;
T_2 ;
    %wait E_0x56262178ad20;
    %load/vec4 v0x5626217d9a60_0;
    %flag_set/vec4 8;
    %jmp/0xz  T_2.0, 8;
    %pushi/vec4 0, 0, 8;
    %assign/vec4 v0x5626217d99c0_0, 0;
    %jmp T_2.1;
T_2.0 ;
    %vpi_func 2 23 "$random" 32 {0 0 0};
    %pushi/vec4 2, 0, 32;
    %mod/s;
    %pad/s 1;
    %store/vec4 v0x5626217d9bf0_0, 0, 1;
    %vpi_func 2 24 "$random" 32 {0 0 0};
    %pushi/vec4 2, 0, 32;
    %mod/s;
    %pad/s 1;
    %store/vec4 v0x5626217d9c90_0, 0, 1;
    %load/vec4 v0x5626217d99c0_0;
    %addi 1, 0, 8;
    %assign/vec4 v0x5626217d99c0_0, 0;
    %load/vec4 v0x5626217d99c0_0;
    %pad/u 32;
    %cmpi/e 5, 0, 32;
    %jmp/0xz  T_2.2, 4;
    %delay 10, 0;
    %vpi_call 2 28 "$finish" {0 0 0};
T_2.2 ;
T_2.1 ;
    %jmp T_2;
    .thread T_2;
    .scope S_0x5626217b3380;
T_3 ;
    %vpi_call 2 34 "$monitor", "%d: x=%b,y=%b,sum=%b,cout=%b", $time, v0x5626217d9bf0_0, v0x5626217d9c90_0, v0x5626217d9b00_0, v0x5626217d9900_0 {0 0 0};
    %vpi_call 2 35 "$dumpfile", "waveform.vcd" {0 0 0};
    %vpi_call 2 36 "$dumpvars" {0 0 0};
    %end;
    .thread T_3;
# The file index is used to find the file name in the following table.
:file_names 4;
    "N/A";
    "<interactive>";
    "testProgram.v";
    "program.v";
