#! /usr/bin/vvp
:ivl_version "12.0 (stable)";
:ivl_delay_selection "TYPICAL";
:vpi_time_precision + 0;
:vpi_module "/usr/lib64/ivl/system.vpi";
:vpi_module "/usr/lib64/ivl/vhdl_sys.vpi";
:vpi_module "/usr/lib64/ivl/vhdl_textio.vpi";
:vpi_module "/usr/lib64/ivl/v2005_math.vpi";
:vpi_module "/usr/lib64/ivl/va_math.vpi";
S_0x55cc2185fa30 .scope module, "testMux4to1" "testMux4to1" 2 1;
 .timescale 0 0;
v0x55cc21885ce0_0 .var "clk", 0 0;
v0x55cc21885da0_0 .var "i", 2 0;
v0x55cc21885e80_0 .var "in", 1 0;
v0x55cc21885f50_0 .net "out", 0 0, L_0x55cc218861b0;  1 drivers
v0x55cc21886020_0 .var "rst", 0 0;
v0x55cc21886110_0 .var "sel", 0 0;
E_0x55cc21837cc0 .event posedge, v0x55cc21886020_0, v0x55cc21885ce0_0;
S_0x55cc21870440 .scope module, "dut" "mux2to1" 2 6, 3 1 0, S_0x55cc2185fa30;
 .timescale 0 0;
    .port_info 0 /INPUT 2 "in";
    .port_info 1 /INPUT 1 "sel";
    .port_info 2 /OUTPUT 1 "out";
v0x55cc21870670_0 .net "in", 1 0, v0x55cc21885e80_0;  1 drivers
v0x55cc21885b00_0 .net "out", 0 0, L_0x55cc218861b0;  alias, 1 drivers
v0x55cc21885bc0_0 .net "sel", 0 0, v0x55cc21886110_0;  1 drivers
L_0x55cc218861b0 .part/v v0x55cc21885e80_0, v0x55cc21886110_0, 1;
    .scope S_0x55cc2185fa30;
T_0 ;
    %pushi/vec4 0, 0, 1;
    %store/vec4 v0x55cc21885ce0_0, 0, 1;
    %pushi/vec4 1, 0, 1;
    %store/vec4 v0x55cc21886020_0, 0, 1;
    %delay 20, 0;
    %pushi/vec4 0, 0, 1;
    %store/vec4 v0x55cc21886020_0, 0, 1;
    %end;
    .thread T_0;
    .scope S_0x55cc2185fa30;
T_1 ;
    %delay 10, 0;
    %load/vec4 v0x55cc21885ce0_0;
    %inv;
    %store/vec4 v0x55cc21885ce0_0, 0, 1;
    %jmp T_1;
    .thread T_1;
    .scope S_0x55cc2185fa30;
T_2 ;
    %wait E_0x55cc21837cc0;
    %load/vec4 v0x55cc21886020_0;
    %flag_set/vec4 8;
    %jmp/0xz  T_2.0, 8;
    %pushi/vec4 0, 0, 3;
    %assign/vec4 v0x55cc21885da0_0, 0;
    %jmp T_2.1;
T_2.0 ;
    %vpi_func 2 25 "$random" 32 {0 0 0};
    %pushi/vec4 4, 0, 32;
    %mod/s;
    %pad/s 2;
    %assign/vec4 v0x55cc21885e80_0, 0;
    %vpi_func 2 26 "$random" 32 {0 0 0};
    %pushi/vec4 2, 0, 32;
    %mod/s;
    %pad/s 1;
    %assign/vec4 v0x55cc21886110_0, 0;
    %load/vec4 v0x55cc21885da0_0;
    %addi 1, 0, 3;
    %store/vec4 v0x55cc21885da0_0, 0, 3;
    %load/vec4 v0x55cc21885da0_0;
    %pad/u 32;
    %cmpi/e 5, 0, 32;
    %jmp/0xz  T_2.2, 4;
    %delay 10, 0;
    %vpi_call 2 29 "$finish" {0 0 0};
T_2.2 ;
T_2.1 ;
    %jmp T_2;
    .thread T_2;
    .scope S_0x55cc2185fa30;
T_3 ;
    %vpi_call 2 34 "$monitor", "%d: in=%b,sel=%b,out=%b", $time, v0x55cc21885e80_0, v0x55cc21886110_0, v0x55cc21885f50_0 {0 0 0};
    %vpi_call 2 35 "$dumpfile", "waveform.vcd" {0 0 0};
    %vpi_call 2 36 "$dumpvars" {0 0 0};
    %end;
    .thread T_3;
# The file index is used to find the file name in the following table.
:file_names 4;
    "N/A";
    "<interactive>";
    "testProgram.v";
    "program.v";
