#! /usr/bin/vvp
:ivl_version "12.0 (stable)";
:ivl_delay_selection "TYPICAL";
:vpi_time_precision + 0;
:vpi_module "/usr/lib64/ivl/system.vpi";
:vpi_module "/usr/lib64/ivl/vhdl_sys.vpi";
:vpi_module "/usr/lib64/ivl/vhdl_textio.vpi";
:vpi_module "/usr/lib64/ivl/v2005_math.vpi";
:vpi_module "/usr/lib64/ivl/va_math.vpi";
S_0x556e7b9f8510 .scope module, "testXorGate" "testXorGate" 2 2;
 .timescale 0 0;
v0x556e7ba42ea0_0 .var "a", 0 0;
v0x556e7ba42f40_0 .var "b", 0 0;
v0x556e7ba43010_0 .net "y", 0 0, L_0x556e7ba43110;  1 drivers
S_0x556e7b9f86a0 .scope module, "uut" "xorGate" 2 6, 3 1 0, S_0x556e7b9f8510;
 .timescale 0 0;
    .port_info 0 /INPUT 1 "a";
    .port_info 1 /INPUT 1 "b";
    .port_info 2 /OUTPUT 1 "y";
L_0x556e7ba43110 .functor XOR 1, v0x556e7ba42ea0_0, v0x556e7ba42f40_0, C4<0>, C4<0>;
v0x556e7ba311c0_0 .net "a", 0 0, v0x556e7ba42ea0_0;  1 drivers
v0x556e7ba42cc0_0 .net "b", 0 0, v0x556e7ba42f40_0;  1 drivers
v0x556e7ba42d80_0 .net "y", 0 0, L_0x556e7ba43110;  alias, 1 drivers
    .scope S_0x556e7b9f8510;
T_0 ;
    %vpi_call 2 9 "$dumpfile", "wave.vcd" {0 0 0};
    %vpi_call 2 10 "$dumpvars", 32'sb00000000000000000000000000000000, S_0x556e7b9f8510 {0 0 0};
    %vpi_call 2 11 "$display", "Xor Gate" {0 0 0};
    %vpi_call 2 12 "$display", "a  b  y" {0 0 0};
    %vpi_call 2 13 "$monitor", "a = %b, b = %b, y = %b", v0x556e7ba42ea0_0, v0x556e7ba42f40_0, v0x556e7ba43010_0 {0 0 0};
    %pushi/vec4 0, 0, 1;
    %store/vec4 v0x556e7ba42ea0_0, 0, 1;
    %pushi/vec4 0, 0, 1;
    %store/vec4 v0x556e7ba42f40_0, 0, 1;
    %delay 10, 0;
    %pushi/vec4 1, 0, 1;
    %store/vec4 v0x556e7ba42ea0_0, 0, 1;
    %pushi/vec4 0, 0, 1;
    %store/vec4 v0x556e7ba42f40_0, 0, 1;
    %delay 10, 0;
    %pushi/vec4 1, 0, 1;
    %store/vec4 v0x556e7ba42ea0_0, 0, 1;
    %pushi/vec4 1, 0, 1;
    %store/vec4 v0x556e7ba42f40_0, 0, 1;
    %delay 10, 0;
    %vpi_call 2 26 "$finish" {0 0 0};
    %end;
    .thread T_0;
# The file index is used to find the file name in the following table.
:file_names 4;
    "N/A";
    "<interactive>";
    "xorGateTest.v";
    "xorGate.v";
