#! /usr/bin/vvp
:ivl_version "12.0 (stable)";
:ivl_delay_selection "TYPICAL";
:vpi_time_precision + 0;
:vpi_module "/usr/lib64/ivl/system.vpi";
:vpi_module "/usr/lib64/ivl/vhdl_sys.vpi";
:vpi_module "/usr/lib64/ivl/vhdl_textio.vpi";
:vpi_module "/usr/lib64/ivl/v2005_math.vpi";
:vpi_module "/usr/lib64/ivl/va_math.vpi";
S_0x5594df180ac0 .scope module, "testcla" "testcla" 2 1;
 .timescale 0 0;
v0x5594df1a37b0_0 .var "a", 3 0;
v0x5594df1a3850_0 .var "b", 3 0;
v0x5594df1a3920_0 .var "cin", 0 0;
v0x5594df1a39f0_0 .var "clk", 0 0;
v0x5594df1a3a90_0 .net "cout", 0 0, L_0x5594df1a78a0;  1 drivers
v0x5594df1a3b80_0 .var "o", 7 0;
v0x5594df1a3c20_0 .var "rst", 0 0;
v0x5594df1a3cc0_0 .net "sum", 3 0, L_0x5594df1a63e0;  1 drivers
E_0x5594df134af0 .event posedge, v0x5594df1a3c20_0, v0x5594df1a39f0_0;
S_0x5594df1642c0 .scope module, "dut" "cla" 2 6, 3 14 0, S_0x5594df180ac0;
 .timescale 0 0;
    .port_info 0 /INPUT 4 "a";
    .port_info 1 /INPUT 4 "b";
    .port_info 2 /INPUT 1 "cin";
    .port_info 3 /OUTPUT 4 "sum";
    .port_info 4 /OUTPUT 1 "cout";
L_0x5594df16e580 .functor AND 1, L_0x5594df1a3d60, L_0x5594df1a3e80, C4<1>, C4<1>;
L_0x5594df1a41d0 .functor AND 1, L_0x5594df1a4060, L_0x5594df1a4100, C4<1>, C4<1>;
L_0x5594df1a44b0 .functor AND 1, L_0x5594df1a4330, L_0x5594df1a43d0, C4<1>, C4<1>;
L_0x5594df1a4700 .functor AND 1, L_0x5594df1a4570, L_0x5594df1a4610, C4<1>, C4<1>;
L_0x5594df1a4a00 .functor XOR 1, L_0x5594df1a4860, L_0x5594df1a4900, C4<0>, C4<0>;
L_0x5594df1a4cc0 .functor XOR 1, L_0x5594df1a4b10, L_0x5594df1a4bb0, C4<0>, C4<0>;
L_0x5594df1a4c50 .functor XOR 1, L_0x5594df1a4e60, L_0x5594df1a4f00, C4<0>, C4<0>;
L_0x5594df1a52e0 .functor XOR 1, L_0x5594df1a5110, L_0x5594df1a51b0, C4<0>, C4<0>;
L_0x5594df1a7520 .functor XOR 1, L_0x5594df1a4a00, v0x5594df1a3920_0, C4<0>, C4<0>;
L_0x5594df1a7590 .functor XOR 1, L_0x5594df1a4cc0, L_0x5594df1a55c0, C4<0>, C4<0>;
L_0x5594df1a7660 .functor XOR 1, L_0x5594df1a4c50, L_0x5594df1a5960, C4<0>, C4<0>;
L_0x5594df1a7770 .functor XOR 1, L_0x5594df1a52e0, L_0x5594df1a61d0, C4<0>, C4<0>;
L_0x5594df1a78a0 .functor BUFZ 1, L_0x5594df1a73c0, C4<0>, C4<0>, C4<0>;
v0x5594df1a1780_0 .net *"_ivl_1", 0 0, L_0x5594df1a3d60;  1 drivers
v0x5594df1a1880_0 .net *"_ivl_13", 0 0, L_0x5594df1a4330;  1 drivers
v0x5594df1a1960_0 .net *"_ivl_15", 0 0, L_0x5594df1a43d0;  1 drivers
v0x5594df1a1a20_0 .net *"_ivl_19", 0 0, L_0x5594df1a4570;  1 drivers
v0x5594df1a1b00_0 .net *"_ivl_21", 0 0, L_0x5594df1a4610;  1 drivers
v0x5594df1a1be0_0 .net *"_ivl_25", 0 0, L_0x5594df1a4860;  1 drivers
v0x5594df1a1cc0_0 .net *"_ivl_27", 0 0, L_0x5594df1a4900;  1 drivers
v0x5594df1a1da0_0 .net *"_ivl_3", 0 0, L_0x5594df1a3e80;  1 drivers
v0x5594df1a1e80_0 .net *"_ivl_31", 0 0, L_0x5594df1a4b10;  1 drivers
v0x5594df1a1f60_0 .net *"_ivl_33", 0 0, L_0x5594df1a4bb0;  1 drivers
v0x5594df1a2040_0 .net *"_ivl_37", 0 0, L_0x5594df1a4e60;  1 drivers
v0x5594df1a2120_0 .net *"_ivl_39", 0 0, L_0x5594df1a4f00;  1 drivers
v0x5594df1a2200_0 .net *"_ivl_43", 0 0, L_0x5594df1a5110;  1 drivers
v0x5594df1a22e0_0 .net *"_ivl_45", 0 0, L_0x5594df1a51b0;  1 drivers
v0x5594df1a23c0_0 .net *"_ivl_50", 0 0, L_0x5594df1a7520;  1 drivers
v0x5594df1a24a0_0 .net *"_ivl_54", 0 0, L_0x5594df1a7590;  1 drivers
v0x5594df1a2580_0 .net *"_ivl_58", 0 0, L_0x5594df1a7660;  1 drivers
v0x5594df1a2660_0 .net *"_ivl_63", 0 0, L_0x5594df1a7770;  1 drivers
v0x5594df1a2740_0 .net *"_ivl_7", 0 0, L_0x5594df1a4060;  1 drivers
v0x5594df1a2820_0 .net *"_ivl_9", 0 0, L_0x5594df1a4100;  1 drivers
v0x5594df1a2900_0 .net "a", 3 0, v0x5594df1a37b0_0;  1 drivers
v0x5594df1a29e0_0 .net "b", 3 0, v0x5594df1a3850_0;  1 drivers
v0x5594df1a2ac0_0 .net "c1", 0 0, L_0x5594df1a55c0;  1 drivers
v0x5594df1a2b60_0 .net "c2", 0 0, L_0x5594df1a5960;  1 drivers
v0x5594df1a2c00_0 .net "c3", 0 0, L_0x5594df1a61d0;  1 drivers
v0x5594df1a2ca0_0 .net "c4", 0 0, L_0x5594df1a73c0;  1 drivers
v0x5594df1a2d40_0 .net "cin", 0 0, v0x5594df1a3920_0;  1 drivers
v0x5594df1a2de0_0 .net "cout", 0 0, L_0x5594df1a78a0;  alias, 1 drivers
v0x5594df1a2e80_0 .net "g0", 0 0, L_0x5594df16e580;  1 drivers
v0x5594df1a2f20_0 .net "g1", 0 0, L_0x5594df1a41d0;  1 drivers
v0x5594df1a2ff0_0 .net "g2", 0 0, L_0x5594df1a44b0;  1 drivers
v0x5594df1a30c0_0 .net "g3", 0 0, L_0x5594df1a4700;  1 drivers
v0x5594df1a3190_0 .net "p0", 0 0, L_0x5594df1a4a00;  1 drivers
v0x5594df1a3470_0 .net "p1", 0 0, L_0x5594df1a4cc0;  1 drivers
v0x5594df1a3540_0 .net "p2", 0 0, L_0x5594df1a4c50;  1 drivers
v0x5594df1a3610_0 .net "p3", 0 0, L_0x5594df1a52e0;  1 drivers
v0x5594df1a36e0_0 .net "sum", 3 0, L_0x5594df1a63e0;  alias, 1 drivers
L_0x5594df1a3d60 .part v0x5594df1a37b0_0, 0, 1;
L_0x5594df1a3e80 .part v0x5594df1a3850_0, 0, 1;
L_0x5594df1a4060 .part v0x5594df1a37b0_0, 1, 1;
L_0x5594df1a4100 .part v0x5594df1a3850_0, 1, 1;
L_0x5594df1a4330 .part v0x5594df1a37b0_0, 2, 1;
L_0x5594df1a43d0 .part v0x5594df1a3850_0, 2, 1;
L_0x5594df1a4570 .part v0x5594df1a37b0_0, 3, 1;
L_0x5594df1a4610 .part v0x5594df1a3850_0, 3, 1;
L_0x5594df1a4860 .part v0x5594df1a37b0_0, 0, 1;
L_0x5594df1a4900 .part v0x5594df1a3850_0, 0, 1;
L_0x5594df1a4b10 .part v0x5594df1a37b0_0, 1, 1;
L_0x5594df1a4bb0 .part v0x5594df1a3850_0, 1, 1;
L_0x5594df1a4e60 .part v0x5594df1a37b0_0, 2, 1;
L_0x5594df1a4f00 .part v0x5594df1a3850_0, 2, 1;
L_0x5594df1a5110 .part v0x5594df1a37b0_0, 3, 1;
L_0x5594df1a51b0 .part v0x5594df1a3850_0, 3, 1;
L_0x5594df1a63e0 .concat8 [ 1 1 1 1], L_0x5594df1a7520, L_0x5594df1a7590, L_0x5594df1a7660, L_0x5594df1a7770;
S_0x5594df163500 .scope module, "cg" "carryGeneration" 3 33, 3 1 0, S_0x5594df1642c0;
 .timescale 0 0;
    .port_info 0 /INPUT 1 "cin";
    .port_info 1 /INPUT 1 "p0";
    .port_info 2 /INPUT 1 "p1";
    .port_info 3 /INPUT 1 "p2";
    .port_info 4 /INPUT 1 "p3";
    .port_info 5 /INPUT 1 "g0";
    .port_info 6 /INPUT 1 "g1";
    .port_info 7 /INPUT 1 "g2";
    .port_info 8 /INPUT 1 "g3";
    .port_info 9 /OUTPUT 1 "c1";
    .port_info 10 /OUTPUT 1 "c2";
    .port_info 11 /OUTPUT 1 "c3";
    .port_info 12 /OUTPUT 1 "c4";
L_0x5594df1a5490 .functor BUFZ 1, v0x5594df1a3920_0, C4<0>, C4<0>, C4<0>;
L_0x5594df1a5500 .functor AND 1, L_0x5594df1a4a00, L_0x5594df1a5490, C4<1>, C4<1>;
L_0x5594df1a55c0 .functor OR 1, L_0x5594df16e580, L_0x5594df1a5500, C4<0>, C4<0>;
L_0x5594df1a56d0 .functor AND 1, L_0x5594df1a4cc0, L_0x5594df16e580, C4<1>, C4<1>;
L_0x5594df1a5740 .functor OR 1, L_0x5594df1a41d0, L_0x5594df1a56d0, C4<0>, C4<0>;
L_0x5594df1a57b0 .functor AND 1, L_0x5594df1a4a00, L_0x5594df1a4cc0, C4<1>, C4<1>;
L_0x5594df1a58f0 .functor AND 1, L_0x5594df1a57b0, L_0x5594df1a5490, C4<1>, C4<1>;
L_0x5594df1a5960 .functor OR 1, L_0x5594df1a5740, L_0x5594df1a58f0, C4<0>, C4<0>;
L_0x5594df1a5ac0 .functor AND 1, L_0x5594df1a4c50, L_0x5594df1a41d0, C4<1>, C4<1>;
L_0x5594df1a5bc0 .functor OR 1, L_0x5594df1a44b0, L_0x5594df1a5ac0, C4<0>, C4<0>;
L_0x5594df1a5c90 .functor AND 1, L_0x5594df1a4cc0, L_0x5594df1a4c50, C4<1>, C4<1>;
L_0x5594df1a5d90 .functor AND 1, L_0x5594df1a5c90, L_0x5594df16e580, C4<1>, C4<1>;
L_0x5594df1a5e70 .functor OR 1, L_0x5594df1a5bc0, L_0x5594df1a5d90, C4<0>, C4<0>;
L_0x5594df1a5f30 .functor AND 1, L_0x5594df1a4a00, L_0x5594df1a4cc0, C4<1>, C4<1>;
L_0x5594df1a5e00 .functor AND 1, L_0x5594df1a5f30, L_0x5594df1a4c50, C4<1>, C4<1>;
L_0x5594df1a5ff0 .functor AND 1, L_0x5594df1a5e00, L_0x5594df1a5490, C4<1>, C4<1>;
L_0x5594df1a61d0 .functor OR 1, L_0x5594df1a5e70, L_0x5594df1a5ff0, C4<0>, C4<0>;
L_0x5594df1a62e0 .functor AND 1, L_0x5594df1a52e0, L_0x5594df1a44b0, C4<1>, C4<1>;
L_0x5594df1a6480 .functor OR 1, L_0x5594df1a4700, L_0x5594df1a62e0, C4<0>, C4<0>;
L_0x5594df1a64f0 .functor AND 1, L_0x5594df1a4c50, L_0x5594df1a52e0, C4<1>, C4<1>;
L_0x5594df1a6610 .functor AND 1, L_0x5594df1a64f0, L_0x5594df1a41d0, C4<1>, C4<1>;
L_0x5594df1a6680 .functor OR 1, L_0x5594df1a6480, L_0x5594df1a6610, C4<0>, C4<0>;
L_0x5594df1a6850 .functor AND 1, L_0x5594df1a4cc0, L_0x5594df1a4c50, C4<1>, C4<1>;
L_0x5594df1a68c0 .functor AND 1, L_0x5594df1a6850, L_0x5594df1a52e0, C4<1>, C4<1>;
L_0x5594df1a6a50 .functor AND 1, L_0x5594df1a68c0, L_0x5594df16e580, C4<1>, C4<1>;
L_0x5594df1a6b10 .functor OR 1, L_0x5594df1a6680, L_0x5594df1a6a50, C4<0>, C4<0>;
L_0x5594df1a6d00 .functor AND 1, L_0x5594df1a4a00, L_0x5594df1a4cc0, C4<1>, C4<1>;
L_0x5594df1a6e80 .functor AND 1, L_0x5594df1a6d00, L_0x5594df1a4c50, C4<1>, C4<1>;
L_0x5594df1a7140 .functor AND 1, L_0x5594df1a6e80, L_0x5594df1a52e0, C4<1>, C4<1>;
L_0x5594df1a7200 .functor AND 1, L_0x5594df1a7140, L_0x5594df1a5490, C4<1>, C4<1>;
L_0x5594df1a73c0 .functor OR 1, L_0x5594df1a6b10, L_0x5594df1a7200, C4<0>, C4<0>;
v0x5594df17d040_0 .net *"_ivl_10", 0 0, L_0x5594df1a57b0;  1 drivers
v0x5594df19f2d0_0 .net *"_ivl_12", 0 0, L_0x5594df1a58f0;  1 drivers
v0x5594df19f3b0_0 .net *"_ivl_16", 0 0, L_0x5594df1a5ac0;  1 drivers
v0x5594df19f470_0 .net *"_ivl_18", 0 0, L_0x5594df1a5bc0;  1 drivers
v0x5594df19f550_0 .net *"_ivl_2", 0 0, L_0x5594df1a5500;  1 drivers
v0x5594df19f680_0 .net *"_ivl_20", 0 0, L_0x5594df1a5c90;  1 drivers
v0x5594df19f760_0 .net *"_ivl_22", 0 0, L_0x5594df1a5d90;  1 drivers
v0x5594df19f840_0 .net *"_ivl_24", 0 0, L_0x5594df1a5e70;  1 drivers
v0x5594df19f920_0 .net *"_ivl_26", 0 0, L_0x5594df1a5f30;  1 drivers
v0x5594df19fa00_0 .net *"_ivl_28", 0 0, L_0x5594df1a5e00;  1 drivers
v0x5594df19fae0_0 .net *"_ivl_30", 0 0, L_0x5594df1a5ff0;  1 drivers
v0x5594df19fbc0_0 .net *"_ivl_34", 0 0, L_0x5594df1a62e0;  1 drivers
v0x5594df19fca0_0 .net *"_ivl_36", 0 0, L_0x5594df1a6480;  1 drivers
v0x5594df19fd80_0 .net *"_ivl_38", 0 0, L_0x5594df1a64f0;  1 drivers
v0x5594df19fe60_0 .net *"_ivl_40", 0 0, L_0x5594df1a6610;  1 drivers
v0x5594df19ff40_0 .net *"_ivl_42", 0 0, L_0x5594df1a6680;  1 drivers
v0x5594df1a0020_0 .net *"_ivl_44", 0 0, L_0x5594df1a6850;  1 drivers
v0x5594df1a0100_0 .net *"_ivl_46", 0 0, L_0x5594df1a68c0;  1 drivers
v0x5594df1a01e0_0 .net *"_ivl_48", 0 0, L_0x5594df1a6a50;  1 drivers
v0x5594df1a02c0_0 .net *"_ivl_50", 0 0, L_0x5594df1a6b10;  1 drivers
v0x5594df1a03a0_0 .net *"_ivl_52", 0 0, L_0x5594df1a6d00;  1 drivers
v0x5594df1a0480_0 .net *"_ivl_54", 0 0, L_0x5594df1a6e80;  1 drivers
v0x5594df1a0560_0 .net *"_ivl_56", 0 0, L_0x5594df1a7140;  1 drivers
v0x5594df1a0640_0 .net *"_ivl_58", 0 0, L_0x5594df1a7200;  1 drivers
v0x5594df1a0720_0 .net *"_ivl_6", 0 0, L_0x5594df1a56d0;  1 drivers
v0x5594df1a0800_0 .net *"_ivl_8", 0 0, L_0x5594df1a5740;  1 drivers
v0x5594df1a08e0_0 .net "c0", 0 0, L_0x5594df1a5490;  1 drivers
v0x5594df1a09a0_0 .net "c1", 0 0, L_0x5594df1a55c0;  alias, 1 drivers
v0x5594df1a0a60_0 .net "c2", 0 0, L_0x5594df1a5960;  alias, 1 drivers
v0x5594df1a0b20_0 .net "c3", 0 0, L_0x5594df1a61d0;  alias, 1 drivers
v0x5594df1a0be0_0 .net "c4", 0 0, L_0x5594df1a73c0;  alias, 1 drivers
v0x5594df1a0ca0_0 .net "cin", 0 0, v0x5594df1a3920_0;  alias, 1 drivers
v0x5594df1a0d60_0 .net "g0", 0 0, L_0x5594df16e580;  alias, 1 drivers
v0x5594df1a1030_0 .net "g1", 0 0, L_0x5594df1a41d0;  alias, 1 drivers
v0x5594df1a10f0_0 .net "g2", 0 0, L_0x5594df1a44b0;  alias, 1 drivers
v0x5594df1a11b0_0 .net "g3", 0 0, L_0x5594df1a4700;  alias, 1 drivers
v0x5594df1a1270_0 .net "p0", 0 0, L_0x5594df1a4a00;  alias, 1 drivers
v0x5594df1a1330_0 .net "p1", 0 0, L_0x5594df1a4cc0;  alias, 1 drivers
v0x5594df1a13f0_0 .net "p2", 0 0, L_0x5594df1a4c50;  alias, 1 drivers
v0x5594df1a14b0_0 .net "p3", 0 0, L_0x5594df1a52e0;  alias, 1 drivers
    .scope S_0x5594df180ac0;
T_0 ;
    %pushi/vec4 0, 0, 1;
    %store/vec4 v0x5594df1a39f0_0, 0, 1;
    %pushi/vec4 1, 0, 1;
    %store/vec4 v0x5594df1a3c20_0, 0, 1;
    %delay 20, 0;
    %pushi/vec4 0, 0, 1;
    %store/vec4 v0x5594df1a3c20_0, 0, 1;
    %end;
    .thread T_0;
    .scope S_0x5594df180ac0;
T_1 ;
    %delay 10, 0;
    %load/vec4 v0x5594df1a39f0_0;
    %inv;
    %store/vec4 v0x5594df1a39f0_0, 0, 1;
    %jmp T_1;
    .thread T_1;
    .scope S_0x5594df180ac0;
T_2 ;
    %wait E_0x5594df134af0;
    %load/vec4 v0x5594df1a3c20_0;
    %flag_set/vec4 8;
    %jmp/0xz  T_2.0, 8;
    %pushi/vec4 0, 0, 8;
    %assign/vec4 v0x5594df1a3b80_0, 0;
    %jmp T_2.1;
T_2.0 ;
    %vpi_func 2 25 "$random" 32 {0 0 0};
    %pushi/vec4 16, 0, 32;
    %mod/s;
    %pad/s 4;
    %store/vec4 v0x5594df1a37b0_0, 0, 4;
    %vpi_func 2 26 "$random" 32 {0 0 0};
    %pushi/vec4 16, 0, 32;
    %mod/s;
    %pad/s 4;
    %store/vec4 v0x5594df1a3850_0, 0, 4;
    %vpi_func 2 27 "$random" 32 {0 0 0};
    %pushi/vec4 2, 0, 32;
    %mod/s;
    %pad/s 1;
    %store/vec4 v0x5594df1a3920_0, 0, 1;
    %load/vec4 v0x5594df1a3b80_0;
    %addi 1, 0, 8;
    %assign/vec4 v0x5594df1a3b80_0, 0;
    %load/vec4 v0x5594df1a3b80_0;
    %pad/u 32;
    %cmpi/e 5, 0, 32;
    %jmp/0xz  T_2.2, 4;
    %delay 10, 0;
    %vpi_call 2 31 "$finish" {0 0 0};
T_2.2 ;
T_2.1 ;
    %jmp T_2;
    .thread T_2;
    .scope S_0x5594df180ac0;
T_3 ;
    %vpi_call 2 37 "$monitor", "%d: a=%b,b=%b,cin=%b,sum=%b,cout=%b", $time, v0x5594df1a37b0_0, v0x5594df1a3850_0, v0x5594df1a3920_0, v0x5594df1a3cc0_0, v0x5594df1a3a90_0 {0 0 0};
    %vpi_call 2 38 "$dumpfile", "waveform.vcd" {0 0 0};
    %vpi_call 2 39 "$dumpvars" {0 0 0};
    %end;
    .thread T_3;
# The file index is used to find the file name in the following table.
:file_names 4;
    "N/A";
    "<interactive>";
    "testProgram.v";
    "program.v";
