#! /usr/bin/vvp
:ivl_version "12.0 (stable)";
:ivl_delay_selection "TYPICAL";
:vpi_time_precision - 12;
:vpi_module "/usr/lib64/ivl/system.vpi";
:vpi_module "/usr/lib64/ivl/vhdl_sys.vpi";
:vpi_module "/usr/lib64/ivl/vhdl_textio.vpi";
:vpi_module "/usr/lib64/ivl/v2005_math.vpi";
:vpi_module "/usr/lib64/ivl/va_math.vpi";
S_0x5633a425d500 .scope module, "muxTest" "muxTest" 2 5;
 .timescale -9 -12;
v0x5633a426f8c0_0 .var "A", 15 0;
v0x5633a426f980_0 .var "B", 3 0;
v0x5633a426fa20_0 .net "C", 0 0, L_0x5633a426fb20;  1 drivers
S_0x5633a425d690 .scope module, "M" "mux16to1" 2 11, 3 3 0, S_0x5633a425d500;
 .timescale -9 -12;
    .port_info 0 /INPUT 16 "in";
    .port_info 1 /INPUT 4 "sel";
    .port_info 2 /OUTPUT 1 "out";
v0x5633a425d820_0 .net "in", 15 0, v0x5633a426f8c0_0;  1 drivers
v0x5633a426f6c0_0 .net "out", 0 0, L_0x5633a426fb20;  alias, 1 drivers
v0x5633a426f780_0 .net "sel", 3 0, v0x5633a426f980_0;  1 drivers
L_0x5633a426fb20 .part/v v0x5633a426f8c0_0, v0x5633a426f980_0, 1;
    .scope S_0x5633a425d500;
T_0 ;
    %vpi_call 2 14 "$dumpfile", "some.vcd" {0 0 0};
    %vpi_call 2 15 "$dumpvars", 32'sb00000000000000000000000000000000, S_0x5633a425d500 {0 0 0};
    %vpi_call 2 16 "$monitor", $time, " A = %h , B = %h , C = %b", v0x5633a426f8c0_0, v0x5633a426f980_0, v0x5633a426fa20_0 {0 0 0};
    %pushi/vec4 43981, 0, 16;
    %store/vec4 v0x5633a426f8c0_0, 0, 16;
    %pushi/vec4 0, 0, 4;
    %store/vec4 v0x5633a426f980_0, 0, 4;
    %delay 50000, 0;
    %pushi/vec4 1, 0, 4;
    %store/vec4 v0x5633a426f980_0, 0, 4;
    %delay 50000, 0;
    %pushi/vec4 4, 0, 4;
    %store/vec4 v0x5633a426f980_0, 0, 4;
    %delay 50000, 0;
    %pushi/vec4 15, 0, 4;
    %store/vec4 v0x5633a426f980_0, 0, 4;
    %delay 50000, 0;
    %vpi_call 2 22 "$finish" {0 0 0};
    %end;
    .thread T_0;
# The file index is used to find the file name in the following table.
:file_names 4;
    "N/A";
    "<interactive>";
    "multiplexer.text.v";
    "multiplexer.v";
