#! /usr/bin/vvp
:ivl_version "12.0 (stable)";
:ivl_delay_selection "TYPICAL";
:vpi_time_precision + 0;
:vpi_module "/usr/lib64/ivl/system.vpi";
:vpi_module "/usr/lib64/ivl/vhdl_sys.vpi";
:vpi_module "/usr/lib64/ivl/vhdl_textio.vpi";
:vpi_module "/usr/lib64/ivl/v2005_math.vpi";
:vpi_module "/usr/lib64/ivl/va_math.vpi";
S_0x55c201433c40 .scope module, "testSimpleCounter" "testSimpleCounter" 2 1;
 .timescale 0 0;
v0x55c201445d00_0 .var "clk", 0 0;
v0x55c201445da0_0 .net "count", 31 0, v0x55c201445b00_0;  1 drivers
v0x55c201445e70_0 .var "rst", 0 0;
S_0x55c201433dd0 .scope module, "uut" "simpleCounter" 2 5, 3 11 0, S_0x55c201433c40;
 .timescale 0 0;
    .port_info 0 /INPUT 1 "clk";
    .port_info 1 /INPUT 1 "rst";
    .port_info 2 /OUTPUT 32 "count";
v0x55c2013fa470_0 .net "clk", 0 0, v0x55c201445d00_0;  1 drivers
v0x55c201445b00_0 .var "count", 31 0;
v0x55c201445be0_0 .net "rst", 0 0, v0x55c201445e70_0;  1 drivers
E_0x55c2013fabf0 .event posedge, v0x55c201445be0_0, v0x55c2013fa470_0;
    .scope S_0x55c201433dd0;
T_0 ;
    %wait E_0x55c2013fabf0;
    %load/vec4 v0x55c201445be0_0;
    %flag_set/vec4 8;
    %jmp/0xz  T_0.0, 8;
    %pushi/vec4 0, 0, 32;
    %assign/vec4 v0x55c201445b00_0, 0;
    %jmp T_0.1;
T_0.0 ;
    %load/vec4 v0x55c201445b00_0;
    %addi 1, 0, 32;
    %assign/vec4 v0x55c201445b00_0, 0;
T_0.1 ;
    %jmp T_0;
    .thread T_0;
    .scope S_0x55c201433c40;
T_1 ;
    %pushi/vec4 0, 0, 1;
    %store/vec4 v0x55c201445d00_0, 0, 1;
T_1.0 ;
    %delay 10, 0;
    %load/vec4 v0x55c201445d00_0;
    %inv;
    %store/vec4 v0x55c201445d00_0, 0, 1;
    %jmp T_1.0;
    %end;
    .thread T_1;
    .scope S_0x55c201433c40;
T_2 ;
    %vpi_call 2 13 "$dumpfile", "wave.vcd" {0 0 0};
    %vpi_call 2 14 "$dumpvars", 32'sb00000000000000000000000000000000, S_0x55c201433c40 {0 0 0};
    %vpi_call 2 15 "$monitor", "clk = %b, rst = %b, count = %b", v0x55c201445d00_0, v0x55c201445e70_0, v0x55c201445da0_0 {0 0 0};
    %pushi/vec4 1, 0, 1;
    %store/vec4 v0x55c201445e70_0, 0, 1;
    %delay 30, 0;
    %pushi/vec4 0, 0, 1;
    %store/vec4 v0x55c201445e70_0, 0, 1;
    %delay 100, 0;
    %delay 10, 0;
    %vpi_call 2 20 "$finish" {0 0 0};
    %end;
    .thread T_2;
# The file index is used to find the file name in the following table.
:file_names 4;
    "N/A";
    "<interactive>";
    "testProgram.v";
    "program.v";
