#! /usr/bin/vvp
:ivl_version "12.0 (stable)";
:ivl_delay_selection "TYPICAL";
:vpi_time_precision + 0;
:vpi_module "/usr/lib64/ivl/system.vpi";
:vpi_module "/usr/lib64/ivl/vhdl_sys.vpi";
:vpi_module "/usr/lib64/ivl/vhdl_textio.vpi";
:vpi_module "/usr/lib64/ivl/v2005_math.vpi";
:vpi_module "/usr/lib64/ivl/va_math.vpi";
S_0x5572226ddcd0 .scope module, "testPriorityEncoder" "testPriorityEncoder" 2 1;
 .timescale 0 0;
v0x5572227070c0_0 .var "clk", 0 0;
v0x5572227071a0_0 .net "d", 7 0, L_0x557222709390;  1 drivers
v0x557222707280_0 .var "i", 2 0;
v0x557222707340_0 .var "o", 7 0;
v0x557222707420_0 .var "rst", 0 0;
E_0x5572226e60a0 .event posedge, v0x557222707420_0, v0x5572227070c0_0;
L_0x557222708360 .part v0x557222707280_0, 2, 1;
L_0x557222709200 .part v0x557222707280_0, 1, 1;
L_0x5572227092f0 .part v0x557222707280_0, 0, 1;
LS_0x557222709390_0_0 .concat8 [ 1 1 1 1], L_0x557222708f40, L_0x557222708a90, L_0x557222708820, L_0x557222708470;
LS_0x557222709390_0_4 .concat8 [ 1 1 1 1], L_0x5572227080f0, L_0x557222707ef0, L_0x557222707bc0, L_0x557222707790;
L_0x557222709390 .concat8 [ 4 4 0 0], LS_0x557222709390_0_0, LS_0x557222709390_0_4;
S_0x5572226d99f0 .scope module, "dut" "decoder" 2 4, 3 1 0, S_0x5572226ddcd0;
 .timescale 0 0;
    .port_info 0 /INPUT 1 "i1";
    .port_info 1 /INPUT 1 "i2";
    .port_info 2 /INPUT 1 "i3";
    .port_info 3 /OUTPUT 1 "d0";
    .port_info 4 /OUTPUT 1 "d1";
    .port_info 5 /OUTPUT 1 "d2";
    .port_info 6 /OUTPUT 1 "d3";
    .port_info 7 /OUTPUT 1 "d4";
    .port_info 8 /OUTPUT 1 "d5";
    .port_info 9 /OUTPUT 1 "d6";
    .port_info 10 /OUTPUT 1 "d7";
L_0x5572227074e0 .functor NOT 1, L_0x557222708360, C4<0>, C4<0>, C4<0>;
L_0x557222707570 .functor NOT 1, L_0x557222709200, C4<0>, C4<0>, C4<0>;
L_0x5572227075e0 .functor AND 1, L_0x5572227074e0, L_0x557222707570, C4<1>, C4<1>;
L_0x5572227076f0 .functor NOT 1, L_0x5572227092f0, C4<0>, C4<0>, C4<0>;
L_0x557222707790 .functor AND 1, L_0x5572227075e0, L_0x5572227076f0, C4<1>, C4<1>;
L_0x5572227078a0 .functor NOT 1, L_0x557222708360, C4<0>, C4<0>, C4<0>;
L_0x5572227079a0 .functor NOT 1, L_0x557222709200, C4<0>, C4<0>, C4<0>;
L_0x557222707a60 .functor AND 1, L_0x5572227078a0, L_0x5572227079a0, C4<1>, C4<1>;
L_0x557222707bc0 .functor AND 1, L_0x557222707a60, L_0x5572227092f0, C4<1>, C4<1>;
L_0x557222707cd0 .functor NOT 1, L_0x557222708360, C4<0>, C4<0>, C4<0>;
L_0x557222707da0 .functor AND 1, L_0x557222707cd0, L_0x557222709200, C4<1>, C4<1>;
L_0x557222707e10 .functor NOT 1, L_0x5572227092f0, C4<0>, C4<0>, C4<0>;
L_0x557222707ef0 .functor AND 1, L_0x557222707da0, L_0x557222707e10, C4<1>, C4<1>;
L_0x557222708000 .functor NOT 1, L_0x557222708360, C4<0>, C4<0>, C4<0>;
L_0x557222707e80 .functor AND 1, L_0x557222708000, L_0x557222709200, C4<1>, C4<1>;
L_0x5572227080f0 .functor AND 1, L_0x557222707e80, L_0x5572227092f0, C4<1>, C4<1>;
L_0x557222708280 .functor NOT 1, L_0x557222709200, C4<0>, C4<0>, C4<0>;
L_0x5572227082f0 .functor AND 1, L_0x557222708360, L_0x557222708280, C4<1>, C4<1>;
L_0x557222708400 .functor NOT 1, L_0x5572227092f0, C4<0>, C4<0>, C4<0>;
L_0x557222708470 .functor AND 1, L_0x5572227082f0, L_0x557222708400, C4<1>, C4<1>;
L_0x557222708630 .functor NOT 1, L_0x557222709200, C4<0>, C4<0>, C4<0>;
L_0x5572227086a0 .functor AND 1, L_0x557222708360, L_0x557222708630, C4<1>, C4<1>;
L_0x557222708820 .functor AND 1, L_0x5572227086a0, L_0x5572227092f0, C4<1>, C4<1>;
L_0x5572227088e0 .functor AND 1, L_0x557222708360, L_0x557222709200, C4<1>, C4<1>;
L_0x557222708a20 .functor NOT 1, L_0x5572227092f0, C4<0>, C4<0>, C4<0>;
L_0x557222708a90 .functor AND 1, L_0x5572227088e0, L_0x557222708a20, C4<1>, C4<1>;
L_0x557222708cb0 .functor AND 1, L_0x557222708360, L_0x557222709200, C4<1>, C4<1>;
L_0x557222708f40 .functor AND 1, L_0x557222708cb0, L_0x5572227092f0, C4<1>, C4<1>;
v0x5572226daf20_0 .net *"_ivl_0", 0 0, L_0x5572227074e0;  1 drivers
v0x5572226db230_0 .net *"_ivl_10", 0 0, L_0x5572227078a0;  1 drivers
v0x5572226db5d0_0 .net *"_ivl_12", 0 0, L_0x5572227079a0;  1 drivers
v0x5572226db890_0 .net *"_ivl_14", 0 0, L_0x557222707a60;  1 drivers
v0x5572226dbba0_0 .net *"_ivl_18", 0 0, L_0x557222707cd0;  1 drivers
v0x5572227059a0_0 .net *"_ivl_2", 0 0, L_0x557222707570;  1 drivers
v0x557222705a80_0 .net *"_ivl_20", 0 0, L_0x557222707da0;  1 drivers
v0x557222705b60_0 .net *"_ivl_22", 0 0, L_0x557222707e10;  1 drivers
v0x557222705c40_0 .net *"_ivl_26", 0 0, L_0x557222708000;  1 drivers
v0x557222705d20_0 .net *"_ivl_28", 0 0, L_0x557222707e80;  1 drivers
v0x557222705e00_0 .net *"_ivl_32", 0 0, L_0x557222708280;  1 drivers
v0x557222705ee0_0 .net *"_ivl_34", 0 0, L_0x5572227082f0;  1 drivers
v0x557222705fc0_0 .net *"_ivl_36", 0 0, L_0x557222708400;  1 drivers
v0x5572227060a0_0 .net *"_ivl_4", 0 0, L_0x5572227075e0;  1 drivers
v0x557222706180_0 .net *"_ivl_40", 0 0, L_0x557222708630;  1 drivers
v0x557222706260_0 .net *"_ivl_42", 0 0, L_0x5572227086a0;  1 drivers
v0x557222706340_0 .net *"_ivl_46", 0 0, L_0x5572227088e0;  1 drivers
v0x557222706420_0 .net *"_ivl_48", 0 0, L_0x557222708a20;  1 drivers
v0x557222706500_0 .net *"_ivl_52", 0 0, L_0x557222708cb0;  1 drivers
v0x5572227065e0_0 .net *"_ivl_6", 0 0, L_0x5572227076f0;  1 drivers
v0x5572227066c0_0 .net "d0", 0 0, L_0x557222707790;  1 drivers
v0x557222706780_0 .net "d1", 0 0, L_0x557222707bc0;  1 drivers
v0x557222706840_0 .net "d2", 0 0, L_0x557222707ef0;  1 drivers
v0x557222706900_0 .net "d3", 0 0, L_0x5572227080f0;  1 drivers
v0x5572227069c0_0 .net "d4", 0 0, L_0x557222708470;  1 drivers
v0x557222706a80_0 .net "d5", 0 0, L_0x557222708820;  1 drivers
v0x557222706b40_0 .net "d6", 0 0, L_0x557222708a90;  1 drivers
v0x557222706c00_0 .net "d7", 0 0, L_0x557222708f40;  1 drivers
v0x557222706cc0_0 .net "i1", 0 0, L_0x557222708360;  1 drivers
v0x557222706d80_0 .net "i2", 0 0, L_0x557222709200;  1 drivers
v0x557222706e40_0 .net "i3", 0 0, L_0x5572227092f0;  1 drivers
    .scope S_0x5572226ddcd0;
T_0 ;
    %pushi/vec4 0, 0, 1;
    %store/vec4 v0x5572227070c0_0, 0, 1;
    %pushi/vec4 1, 0, 1;
    %store/vec4 v0x557222707420_0, 0, 1;
    %delay 20, 0;
    %pushi/vec4 0, 0, 1;
    %store/vec4 v0x557222707420_0, 0, 1;
    %end;
    .thread T_0;
    .scope S_0x5572226ddcd0;
T_1 ;
    %delay 10, 0;
    %load/vec4 v0x5572227070c0_0;
    %inv;
    %store/vec4 v0x5572227070c0_0, 0, 1;
    %jmp T_1;
    .thread T_1;
    .scope S_0x5572226ddcd0;
T_2 ;
    %wait E_0x5572226e60a0;
    %load/vec4 v0x557222707420_0;
    %flag_set/vec4 8;
    %jmp/0xz  T_2.0, 8;
    %pushi/vec4 0, 0, 8;
    %assign/vec4 v0x557222707340_0, 0;
    %jmp T_2.1;
T_2.0 ;
    %vpi_func 2 24 "$random" 32 {0 0 0};
    %pushi/vec4 8, 0, 32;
    %mod/s;
    %pad/s 3;
    %assign/vec4 v0x557222707280_0, 0;
    %load/vec4 v0x557222707340_0;
    %addi 1, 0, 8;
    %assign/vec4 v0x557222707340_0, 0;
    %load/vec4 v0x557222707340_0;
    %pad/u 32;
    %cmpi/e 10, 0, 32;
    %jmp/0xz  T_2.2, 4;
    %delay 10, 0;
    %vpi_call 2 28 "$finish" {0 0 0};
T_2.2 ;
T_2.1 ;
    %jmp T_2;
    .thread T_2;
    .scope S_0x5572226ddcd0;
T_3 ;
    %vpi_call 2 34 "$monitor", "%d: i:%b,d:%b", $time, v0x557222707280_0, v0x5572227071a0_0 {0 0 0};
    %vpi_call 2 35 "$dumpfile", "waveform.vcd" {0 0 0};
    %vpi_call 2 36 "$dumpvars" {0 0 0};
    %end;
    .thread T_3;
# The file index is used to find the file name in the following table.
:file_names 4;
    "N/A";
    "<interactive>";
    "testProgram.v";
    "program.v";
