#! /usr/bin/vvp
:ivl_version "12.0 (stable)";
:ivl_delay_selection "TYPICAL";
:vpi_time_precision + 0;
:vpi_module "/usr/lib64/ivl/system.vpi";
:vpi_module "/usr/lib64/ivl/vhdl_sys.vpi";
:vpi_module "/usr/lib64/ivl/vhdl_textio.vpi";
:vpi_module "/usr/lib64/ivl/v2005_math.vpi";
:vpi_module "/usr/lib64/ivl/va_math.vpi";
S_0x55f1cb4946a0 .scope module, "testPriorityEncoder" "testPriorityEncoder" 2 1;
 .timescale 0 0;
v0x55f1cb4be490_0 .var "clk", 0 0;
v0x55f1cb4be570_0 .var "i", 7 0;
v0x55f1cb4be650_0 .net "o", 2 0, L_0x55f1cb4c0c30;  1 drivers
v0x55f1cb4be710_0 .var "p", 7 0;
v0x55f1cb4be7f0_0 .var "rst", 0 0;
E_0x55f1cb49b2f0 .event posedge, v0x55f1cb4be7f0_0, v0x55f1cb4be490_0;
L_0x55f1cb4bf8b0 .part v0x55f1cb4be710_0, 7, 1;
L_0x55f1cb4c0550 .part v0x55f1cb4be710_0, 6, 1;
L_0x55f1cb4c0690 .part v0x55f1cb4be710_0, 5, 1;
L_0x55f1cb4c0730 .part v0x55f1cb4be710_0, 4, 1;
L_0x55f1cb4c0890 .part v0x55f1cb4be710_0, 3, 1;
L_0x55f1cb4c0930 .part v0x55f1cb4be710_0, 2, 1;
L_0x55f1cb4c0a10 .part v0x55f1cb4be710_0, 1, 1;
L_0x55f1cb4c0ab0 .part v0x55f1cb4be710_0, 0, 1;
L_0x55f1cb4c0c30 .concat8 [ 1 1 1 0], L_0x55f1cb4c0490, L_0x55f1cb4bf450, L_0x55f1cb4bea00;
S_0x55f1cb491f50 .scope module, "dut" "priorityEncoder" 2 4, 3 1 0, S_0x55f1cb4946a0;
 .timescale 0 0;
    .port_info 0 /INPUT 1 "p0";
    .port_info 1 /INPUT 1 "p1";
    .port_info 2 /INPUT 1 "p2";
    .port_info 3 /INPUT 1 "p3";
    .port_info 4 /INPUT 1 "p4";
    .port_info 5 /INPUT 1 "p5";
    .port_info 6 /INPUT 1 "p6";
    .port_info 7 /INPUT 1 "p7";
    .port_info 8 /OUTPUT 1 "o1";
    .port_info 9 /OUTPUT 1 "o2";
    .port_info 10 /OUTPUT 1 "o3";
L_0x55f1cb4be8b0 .functor OR 1, L_0x55f1cb4c0890, L_0x55f1cb4c0930, C4<0>, C4<0>;
L_0x55f1cb4be940 .functor OR 1, L_0x55f1cb4be8b0, L_0x55f1cb4c0a10, C4<0>, C4<0>;
L_0x55f1cb4bea00 .functor OR 1, L_0x55f1cb4be940, L_0x55f1cb4c0ab0, C4<0>, C4<0>;
L_0x55f1cb4beac0 .functor NOT 1, L_0x55f1cb4c0930, C4<0>, C4<0>, C4<0>;
L_0x55f1cb4bebb0 .functor AND 1, L_0x55f1cb4c0690, L_0x55f1cb4beac0, C4<1>, C4<1>;
L_0x55f1cb4bec70 .functor NOT 1, L_0x55f1cb4c0890, C4<0>, C4<0>, C4<0>;
L_0x55f1cb4bed70 .functor AND 1, L_0x55f1cb4bebb0, L_0x55f1cb4bec70, C4<1>, C4<1>;
L_0x55f1cb4bee80 .functor NOT 1, L_0x55f1cb4c0890, C4<0>, C4<0>, C4<0>;
L_0x55f1cb4bef40 .functor AND 1, L_0x55f1cb4c0730, L_0x55f1cb4bee80, C4<1>, C4<1>;
L_0x55f1cb4bf000 .functor NOT 1, L_0x55f1cb4c0930, C4<0>, C4<0>, C4<0>;
L_0x55f1cb4bf0d0 .functor AND 1, L_0x55f1cb4bef40, L_0x55f1cb4bf000, C4<1>, C4<1>;
L_0x55f1cb4bf1c0 .functor OR 1, L_0x55f1cb4bed70, L_0x55f1cb4bf0d0, C4<0>, C4<0>;
L_0x55f1cb4bf340 .functor OR 1, L_0x55f1cb4bf1c0, L_0x55f1cb4c0a10, C4<0>, C4<0>;
L_0x55f1cb4bf450 .functor OR 1, L_0x55f1cb4bf340, L_0x55f1cb4c0ab0, C4<0>, C4<0>;
L_0x55f1cb4bf2d0 .functor NOT 1, L_0x55f1cb4c0690, C4<0>, C4<0>, C4<0>;
L_0x55f1cb4bf630 .functor AND 1, L_0x55f1cb4c0550, L_0x55f1cb4bf2d0, C4<1>, C4<1>;
L_0x55f1cb4bf780 .functor NOT 1, L_0x55f1cb4c0890, C4<0>, C4<0>, C4<0>;
L_0x55f1cb4bf7f0 .functor AND 1, L_0x55f1cb4bf630, L_0x55f1cb4bf780, C4<1>, C4<1>;
L_0x55f1cb4bf950 .functor NOT 1, L_0x55f1cb4c0a10, C4<0>, C4<0>, C4<0>;
L_0x55f1cb4bf9c0 .functor AND 1, L_0x55f1cb4bf7f0, L_0x55f1cb4bf950, C4<1>, C4<1>;
L_0x55f1cb4bfb80 .functor NOT 1, L_0x55f1cb4c0890, C4<0>, C4<0>, C4<0>;
L_0x55f1cb4bfbf0 .functor AND 1, L_0x55f1cb4c0730, L_0x55f1cb4bfb80, C4<1>, C4<1>;
L_0x55f1cb4bfdc0 .functor NOT 1, L_0x55f1cb4c0a10, C4<0>, C4<0>, C4<0>;
L_0x55f1cb4bfe30 .functor AND 1, L_0x55f1cb4bfbf0, L_0x55f1cb4bfdc0, C4<1>, C4<1>;
L_0x55f1cb4bffc0 .functor OR 1, L_0x55f1cb4bf9c0, L_0x55f1cb4bfe30, C4<0>, C4<0>;
L_0x55f1cb4c00d0 .functor NOT 1, L_0x55f1cb4c0a10, C4<0>, C4<0>, C4<0>;
L_0x55f1cb4c0220 .functor AND 1, L_0x55f1cb4c0930, L_0x55f1cb4c00d0, C4<1>, C4<1>;
L_0x55f1cb4c0290 .functor OR 1, L_0x55f1cb4bffc0, L_0x55f1cb4c0220, C4<0>, C4<0>;
L_0x55f1cb4c0490 .functor OR 1, L_0x55f1cb4c0290, L_0x55f1cb4c0ab0, C4<0>, C4<0>;
v0x55f1cb4923e0_0 .net *"_ivl_0", 0 0, L_0x55f1cb4be8b0;  1 drivers
v0x55f1cb4bc270_0 .net *"_ivl_10", 0 0, L_0x55f1cb4bec70;  1 drivers
v0x55f1cb4bc350_0 .net *"_ivl_12", 0 0, L_0x55f1cb4bed70;  1 drivers
v0x55f1cb4bc410_0 .net *"_ivl_14", 0 0, L_0x55f1cb4bee80;  1 drivers
v0x55f1cb4bc4f0_0 .net *"_ivl_16", 0 0, L_0x55f1cb4bef40;  1 drivers
v0x55f1cb4bc620_0 .net *"_ivl_18", 0 0, L_0x55f1cb4bf000;  1 drivers
v0x55f1cb4bc700_0 .net *"_ivl_2", 0 0, L_0x55f1cb4be940;  1 drivers
v0x55f1cb4bc7e0_0 .net *"_ivl_20", 0 0, L_0x55f1cb4bf0d0;  1 drivers
v0x55f1cb4bc8c0_0 .net *"_ivl_22", 0 0, L_0x55f1cb4bf1c0;  1 drivers
v0x55f1cb4bc9a0_0 .net *"_ivl_24", 0 0, L_0x55f1cb4bf340;  1 drivers
v0x55f1cb4bca80_0 .net *"_ivl_28", 0 0, L_0x55f1cb4bf2d0;  1 drivers
v0x55f1cb4bcb60_0 .net *"_ivl_30", 0 0, L_0x55f1cb4bf630;  1 drivers
v0x55f1cb4bcc40_0 .net *"_ivl_32", 0 0, L_0x55f1cb4bf780;  1 drivers
v0x55f1cb4bcd20_0 .net *"_ivl_34", 0 0, L_0x55f1cb4bf7f0;  1 drivers
v0x55f1cb4bce00_0 .net *"_ivl_36", 0 0, L_0x55f1cb4bf950;  1 drivers
v0x55f1cb4bcee0_0 .net *"_ivl_38", 0 0, L_0x55f1cb4bf9c0;  1 drivers
v0x55f1cb4bcfc0_0 .net *"_ivl_40", 0 0, L_0x55f1cb4bfb80;  1 drivers
v0x55f1cb4bd0a0_0 .net *"_ivl_42", 0 0, L_0x55f1cb4bfbf0;  1 drivers
v0x55f1cb4bd180_0 .net *"_ivl_44", 0 0, L_0x55f1cb4bfdc0;  1 drivers
v0x55f1cb4bd260_0 .net *"_ivl_46", 0 0, L_0x55f1cb4bfe30;  1 drivers
v0x55f1cb4bd340_0 .net *"_ivl_48", 0 0, L_0x55f1cb4bffc0;  1 drivers
v0x55f1cb4bd420_0 .net *"_ivl_50", 0 0, L_0x55f1cb4c00d0;  1 drivers
v0x55f1cb4bd500_0 .net *"_ivl_52", 0 0, L_0x55f1cb4c0220;  1 drivers
v0x55f1cb4bd5e0_0 .net *"_ivl_54", 0 0, L_0x55f1cb4c0290;  1 drivers
v0x55f1cb4bd6c0_0 .net *"_ivl_6", 0 0, L_0x55f1cb4beac0;  1 drivers
v0x55f1cb4bd7a0_0 .net *"_ivl_8", 0 0, L_0x55f1cb4bebb0;  1 drivers
v0x55f1cb4bd880_0 .net "o1", 0 0, L_0x55f1cb4bea00;  1 drivers
v0x55f1cb4bd940_0 .net "o2", 0 0, L_0x55f1cb4bf450;  1 drivers
v0x55f1cb4bda00_0 .net "o3", 0 0, L_0x55f1cb4c0490;  1 drivers
v0x55f1cb4bdac0_0 .net "p0", 0 0, L_0x55f1cb4bf8b0;  1 drivers
v0x55f1cb4bdb80_0 .net "p1", 0 0, L_0x55f1cb4c0550;  1 drivers
v0x55f1cb4bdc40_0 .net "p2", 0 0, L_0x55f1cb4c0690;  1 drivers
v0x55f1cb4bdd00_0 .net "p3", 0 0, L_0x55f1cb4c0730;  1 drivers
v0x55f1cb4bdfd0_0 .net "p4", 0 0, L_0x55f1cb4c0890;  1 drivers
v0x55f1cb4be090_0 .net "p5", 0 0, L_0x55f1cb4c0930;  1 drivers
v0x55f1cb4be150_0 .net "p6", 0 0, L_0x55f1cb4c0a10;  1 drivers
v0x55f1cb4be210_0 .net "p7", 0 0, L_0x55f1cb4c0ab0;  1 drivers
    .scope S_0x55f1cb4946a0;
T_0 ;
    %pushi/vec4 0, 0, 1;
    %store/vec4 v0x55f1cb4be490_0, 0, 1;
    %pushi/vec4 1, 0, 1;
    %store/vec4 v0x55f1cb4be7f0_0, 0, 1;
    %delay 20, 0;
    %pushi/vec4 0, 0, 1;
    %store/vec4 v0x55f1cb4be7f0_0, 0, 1;
    %end;
    .thread T_0;
    .scope S_0x55f1cb4946a0;
T_1 ;
    %delay 10, 0;
    %load/vec4 v0x55f1cb4be490_0;
    %inv;
    %store/vec4 v0x55f1cb4be490_0, 0, 1;
    %jmp T_1;
    .thread T_1;
    .scope S_0x55f1cb4946a0;
T_2 ;
    %wait E_0x55f1cb49b2f0;
    %load/vec4 v0x55f1cb4be7f0_0;
    %flag_set/vec4 8;
    %jmp/0xz  T_2.0, 8;
    %pushi/vec4 0, 0, 8;
    %assign/vec4 v0x55f1cb4be570_0, 0;
    %jmp T_2.1;
T_2.0 ;
    %vpi_func 2 24 "$random" 32 {0 0 0};
    %pushi/vec4 256, 0, 32;
    %mod/s;
    %pad/s 8;
    %assign/vec4 v0x55f1cb4be710_0, 0;
    %load/vec4 v0x55f1cb4be570_0;
    %addi 1, 0, 8;
    %assign/vec4 v0x55f1cb4be570_0, 0;
    %load/vec4 v0x55f1cb4be570_0;
    %pad/u 32;
    %cmpi/e 10, 0, 32;
    %jmp/0xz  T_2.2, 4;
    %delay 10, 0;
    %vpi_call 2 28 "$finish" {0 0 0};
T_2.2 ;
T_2.1 ;
    %jmp T_2;
    .thread T_2;
    .scope S_0x55f1cb4946a0;
T_3 ;
    %vpi_call 2 34 "$monitor", "%d: p:%b,o:%b", $time, v0x55f1cb4be710_0, v0x55f1cb4be650_0 {0 0 0};
    %vpi_call 2 35 "$dumpfile", "waveform.vcd" {0 0 0};
    %vpi_call 2 36 "$dumpvars" {0 0 0};
    %end;
    .thread T_3;
# The file index is used to find the file name in the following table.
:file_names 4;
    "N/A";
    "<interactive>";
    "testProgram.v";
    "program.v";
