#! /usr/bin/vvp
:ivl_version "12.0 (stable)";
:ivl_delay_selection "TYPICAL";
:vpi_time_precision + 0;
:vpi_module "/usr/lib64/ivl/system.vpi";
:vpi_module "/usr/lib64/ivl/vhdl_sys.vpi";
:vpi_module "/usr/lib64/ivl/vhdl_textio.vpi";
:vpi_module "/usr/lib64/ivl/v2005_math.vpi";
:vpi_module "/usr/lib64/ivl/va_math.vpi";
S_0x55da68e00e00 .scope module, "testBench" "testBench" 2 1;
 .timescale 0 0;
v0x55da68e28390_0 .var "clk", 0 0;
v0x55da68e28450_0 .var "j", 0 0;
v0x55da68e28520_0 .var "k", 0 0;
v0x55da68e28620_0 .net "q", 0 0, v0x55da68e28250_0;  1 drivers
S_0x55da68e144b0 .scope module, "jf" "jk_flipflop" 2 6, 3 1 0, S_0x55da68e00e00;
 .timescale 0 0;
    .port_info 0 /INPUT 1 "j";
    .port_info 1 /INPUT 1 "k";
    .port_info 2 /INPUT 1 "clk";
    .port_info 3 /OUTPUT 1 "q";
v0x55da68e02660_0 .net "clk", 0 0, v0x55da68e28390_0;  1 drivers
v0x55da68e280f0_0 .net "j", 0 0, v0x55da68e28450_0;  1 drivers
v0x55da68e281b0_0 .net "k", 0 0, v0x55da68e28520_0;  1 drivers
v0x55da68e28250_0 .var "q", 0 0;
E_0x55da68ddaaf0 .event posedge, v0x55da68e02660_0;
    .scope S_0x55da68e144b0;
T_0 ;
    %pushi/vec4 0, 0, 1;
    %store/vec4 v0x55da68e28250_0, 0, 1;
    %end;
    .thread T_0;
    .scope S_0x55da68e144b0;
T_1 ;
    %wait E_0x55da68ddaaf0;
    %load/vec4 v0x55da68e280f0_0;
    %load/vec4 v0x55da68e281b0_0;
    %concat/vec4; draw_concat_vec4
    %dup/vec4;
    %pushi/vec4 0, 0, 2;
    %cmp/u;
    %jmp/1 T_1.0, 6;
    %dup/vec4;
    %pushi/vec4 1, 0, 2;
    %cmp/u;
    %jmp/1 T_1.1, 6;
    %dup/vec4;
    %pushi/vec4 2, 0, 2;
    %cmp/u;
    %jmp/1 T_1.2, 6;
    %dup/vec4;
    %pushi/vec4 3, 0, 2;
    %cmp/u;
    %jmp/1 T_1.3, 6;
    %jmp T_1.4;
T_1.0 ;
    %load/vec4 v0x55da68e28250_0;
    %assign/vec4 v0x55da68e28250_0, 0;
    %jmp T_1.4;
T_1.1 ;
    %pushi/vec4 0, 0, 1;
    %assign/vec4 v0x55da68e28250_0, 0;
    %jmp T_1.4;
T_1.2 ;
    %pushi/vec4 1, 0, 1;
    %assign/vec4 v0x55da68e28250_0, 0;
    %jmp T_1.4;
T_1.3 ;
    %load/vec4 v0x55da68e28250_0;
    %inv;
    %assign/vec4 v0x55da68e28250_0, 0;
    %jmp T_1.4;
T_1.4 ;
    %pop/vec4 1;
    %jmp T_1;
    .thread T_1;
    .scope S_0x55da68e00e00;
T_2 ;
    %pushi/vec4 0, 0, 1;
    %store/vec4 v0x55da68e28390_0, 0, 1;
T_2.0 ;
    %delay 5, 0;
    %load/vec4 v0x55da68e28390_0;
    %inv;
    %store/vec4 v0x55da68e28390_0, 0, 1;
    %jmp T_2.0;
    %end;
    .thread T_2;
    .scope S_0x55da68e00e00;
T_3 ;
    %vpi_call 2 14 "$dumpfile", "waveform.vcd" {0 0 0};
    %vpi_call 2 15 "$dumpvars" {0 0 0};
    %pushi/vec4 0, 0, 1;
    %store/vec4 v0x55da68e28450_0, 0, 1;
    %pushi/vec4 0, 0, 1;
    %store/vec4 v0x55da68e28520_0, 0, 1;
    %delay 12, 0;
    %pushi/vec4 0, 0, 1;
    %store/vec4 v0x55da68e28450_0, 0, 1;
    %pushi/vec4 1, 0, 1;
    %store/vec4 v0x55da68e28520_0, 0, 1;
    %delay 20, 0;
    %pushi/vec4 1, 0, 1;
    %store/vec4 v0x55da68e28450_0, 0, 1;
    %pushi/vec4 0, 0, 1;
    %store/vec4 v0x55da68e28520_0, 0, 1;
    %delay 20, 0;
    %pushi/vec4 1, 0, 1;
    %store/vec4 v0x55da68e28450_0, 0, 1;
    %pushi/vec4 1, 0, 1;
    %store/vec4 v0x55da68e28520_0, 0, 1;
    %delay 20, 0;
    %vpi_call 2 21 "$finish" {0 0 0};
    %end;
    .thread T_3;
    .scope S_0x55da68e00e00;
T_4 ;
    %wait E_0x55da68ddaaf0;
    %delay 1, 0;
    %vpi_call 2 24 "$display", "clk=%b, j=%b, k=%b, q=%b", v0x55da68e28390_0, v0x55da68e28450_0, v0x55da68e28520_0, v0x55da68e28620_0 {0 0 0};
    %jmp T_4;
    .thread T_4;
# The file index is used to find the file name in the following table.
:file_names 4;
    "N/A";
    "<interactive>";
    "testProgram.v";
    "program.v";
