#! /usr/bin/vvp
:ivl_version "12.0 (stable)";
:ivl_delay_selection "TYPICAL";
:vpi_time_precision + 0;
:vpi_module "/usr/lib64/ivl/system.vpi";
:vpi_module "/usr/lib64/ivl/vhdl_sys.vpi";
:vpi_module "/usr/lib64/ivl/vhdl_textio.vpi";
:vpi_module "/usr/lib64/ivl/v2005_math.vpi";
:vpi_module "/usr/lib64/ivl/va_math.vpi";
S_0x5558e57c05d0 .scope module, "testBench" "testBench" 2 1;
 .timescale 0 0;
v0x5558e57e65a0_0 .var "a", 3 0;
v0x5558e57e66d0_0 .var "b", 3 0;
v0x5558e57e67e0_0 .var "cin", 0 0;
v0x5558e57e6880_0 .var "clk", 0 0;
v0x5558e57e6920_0 .net "cout", 0 0, L_0x5558e57eef30;  1 drivers
v0x5558e57e6a10_0 .var "o", 7 0;
v0x5558e57e6ad0_0 .var "rst", 0 0;
v0x5558e57e6b90_0 .net "sum", 3 0, L_0x5558e57ed9b0;  1 drivers
E_0x5558e579bec0 .event posedge, v0x5558e57e6ad0_0, v0x5558e57e6880_0;
S_0x5558e57b4550 .scope module, "dut" "bcdAdder" 2 6, 3 42 0, S_0x5558e57c05d0;
 .timescale 0 0;
    .port_info 0 /INPUT 4 "a";
    .port_info 1 /INPUT 4 "b";
    .port_info 2 /INPUT 1 "cin";
    .port_info 3 /OUTPUT 4 "sum";
    .port_info 4 /OUTPUT 1 "cout";
L_0x5558e57eab00 .functor AND 1, L_0x5558e57ea9c0, L_0x5558e57eaa60, C4<1>, C4<1>;
L_0x5558e57ead00 .functor AND 1, L_0x5558e57eabc0, L_0x5558e57eac60, C4<1>, C4<1>;
L_0x5558e57eae10 .functor OR 1, L_0x5558e57eab00, L_0x5558e57ead00, C4<0>, C4<0>;
L_0x5558e57eaf20 .functor OR 1, L_0x5558e57eae10, L_0x5558e57ea900, C4<0>, C4<0>;
L_0x5558e57eef30 .functor BUFZ 1, L_0x5558e57eaf20, C4<0>, C4<0>, C4<0>;
v0x5558e57e5670_0 .net *"_ivl_1", 0 0, L_0x5558e57ea9c0;  1 drivers
v0x5558e57e5710_0 .net *"_ivl_10", 0 0, L_0x5558e57ead00;  1 drivers
v0x5558e57e57b0_0 .net *"_ivl_12", 0 0, L_0x5558e57eae10;  1 drivers
L_0x7f27066b0018 .functor BUFT 1, C4<0>, C4<0>, C4<0>, C4<0>;
v0x5558e57e5850_0 .net/2u *"_ivl_16", 0 0, L_0x7f27066b0018;  1 drivers
L_0x7f27066b0060 .functor BUFT 1, C4<0>, C4<0>, C4<0>, C4<0>;
v0x5558e57e5930_0 .net/2u *"_ivl_18", 0 0, L_0x7f27066b0060;  1 drivers
v0x5558e57e5a10_0 .net *"_ivl_3", 0 0, L_0x5558e57eaa60;  1 drivers
v0x5558e57e5af0_0 .net *"_ivl_4", 0 0, L_0x5558e57eab00;  1 drivers
v0x5558e57e5bd0_0 .net *"_ivl_7", 0 0, L_0x5558e57eabc0;  1 drivers
v0x5558e57e5cb0_0 .net *"_ivl_9", 0 0, L_0x5558e57eac60;  1 drivers
v0x5558e57e5d90_0 .net "a", 3 0, v0x5558e57e65a0_0;  1 drivers
v0x5558e57e5e50_0 .net "b", 3 0, v0x5558e57e66d0_0;  1 drivers
v0x5558e57e5f20_0 .net "c1", 0 0, L_0x5558e57eaf20;  1 drivers
v0x5558e57e5fc0_0 .net "c2", 0 0, L_0x5558e57eee70;  1 drivers
v0x5558e57e6090_0 .net "cin", 0 0, v0x5558e57e67e0_0;  1 drivers
v0x5558e57e6130_0 .net "cout", 0 0, L_0x5558e57eef30;  alias, 1 drivers
v0x5558e57e61d0_0 .net "k", 0 0, L_0x5558e57ea900;  1 drivers
v0x5558e57e6270_0 .net "sum", 3 0, L_0x5558e57ed9b0;  alias, 1 drivers
v0x5558e57e6340_0 .net "x", 3 0, L_0x5558e57eafe0;  1 drivers
v0x5558e57e6410_0 .net "z", 3 0, L_0x5558e57e9440;  1 drivers
L_0x5558e57ea9c0 .part L_0x5558e57e9440, 3, 1;
L_0x5558e57eaa60 .part L_0x5558e57e9440, 1, 1;
L_0x5558e57eabc0 .part L_0x5558e57e9440, 3, 1;
L_0x5558e57eac60 .part L_0x5558e57e9440, 2, 1;
L_0x5558e57eafe0 .concat [ 1 1 1 1], L_0x7f27066b0060, L_0x5558e57eaf20, L_0x5558e57eaf20, L_0x7f27066b0018;
S_0x5558e57ad120 .scope module, "cla1" "cla" 3 50, 3 14 0, S_0x5558e57b4550;
 .timescale 0 0;
    .port_info 0 /INPUT 4 "a";
    .port_info 1 /INPUT 4 "b";
    .port_info 2 /INPUT 1 "cin";
    .port_info 3 /OUTPUT 4 "sum";
    .port_info 4 /OUTPUT 1 "cout";
L_0x5558e5791580 .functor AND 1, L_0x5558e57e6ca0, L_0x5558e57e6d40, C4<1>, C4<1>;
L_0x5558e57e7060 .functor AND 1, L_0x5558e57e6ef0, L_0x5558e57e6f90, C4<1>, C4<1>;
L_0x5558e57e72a0 .functor AND 1, L_0x5558e57e7120, L_0x5558e57e71c0, C4<1>, C4<1>;
L_0x5558e57e7590 .functor AND 1, L_0x5558e57e7400, L_0x5558e57e74a0, C4<1>, C4<1>;
L_0x5558e57e7890 .functor XOR 1, L_0x5558e57e76f0, L_0x5558e57e7790, C4<0>, C4<0>;
L_0x5558e57e7c60 .functor XOR 1, L_0x5558e57e79a0, L_0x5558e57e7a40, C4<0>, C4<0>;
L_0x5558e57e7bf0 .functor XOR 1, L_0x5558e57e7e00, L_0x5558e57e7ea0, C4<0>, C4<0>;
L_0x5558e57e8280 .functor XOR 1, L_0x5558e57e80b0, L_0x5558e57e8150, C4<0>, C4<0>;
L_0x5558e57ea580 .functor XOR 1, L_0x5558e57e7890, v0x5558e57e67e0_0, C4<0>, C4<0>;
L_0x5558e57ea5f0 .functor XOR 1, L_0x5558e57e7c60, L_0x5558e57e8510, C4<0>, C4<0>;
L_0x5558e57ea6c0 .functor XOR 1, L_0x5558e57e7bf0, L_0x5558e57e8940, C4<0>, C4<0>;
L_0x5558e57ea7d0 .functor XOR 1, L_0x5558e57e8280, L_0x5558e57e9230, C4<0>, C4<0>;
L_0x5558e57ea900 .functor BUFZ 1, L_0x5558e57ea420, C4<0>, C4<0>, C4<0>;
v0x5558e57dead0_0 .net *"_ivl_1", 0 0, L_0x5558e57e6ca0;  1 drivers
v0x5558e57debd0_0 .net *"_ivl_13", 0 0, L_0x5558e57e7120;  1 drivers
v0x5558e57decb0_0 .net *"_ivl_15", 0 0, L_0x5558e57e71c0;  1 drivers
v0x5558e57ded70_0 .net *"_ivl_19", 0 0, L_0x5558e57e7400;  1 drivers
v0x5558e57dee50_0 .net *"_ivl_21", 0 0, L_0x5558e57e74a0;  1 drivers
v0x5558e57def30_0 .net *"_ivl_25", 0 0, L_0x5558e57e76f0;  1 drivers
v0x5558e57df010_0 .net *"_ivl_27", 0 0, L_0x5558e57e7790;  1 drivers
v0x5558e57df0f0_0 .net *"_ivl_3", 0 0, L_0x5558e57e6d40;  1 drivers
v0x5558e57df1d0_0 .net *"_ivl_31", 0 0, L_0x5558e57e79a0;  1 drivers
v0x5558e57df2b0_0 .net *"_ivl_33", 0 0, L_0x5558e57e7a40;  1 drivers
v0x5558e57df390_0 .net *"_ivl_37", 0 0, L_0x5558e57e7e00;  1 drivers
v0x5558e57df470_0 .net *"_ivl_39", 0 0, L_0x5558e57e7ea0;  1 drivers
v0x5558e57df550_0 .net *"_ivl_43", 0 0, L_0x5558e57e80b0;  1 drivers
v0x5558e57df630_0 .net *"_ivl_45", 0 0, L_0x5558e57e8150;  1 drivers
v0x5558e57df710_0 .net *"_ivl_50", 0 0, L_0x5558e57ea580;  1 drivers
v0x5558e57df7f0_0 .net *"_ivl_54", 0 0, L_0x5558e57ea5f0;  1 drivers
v0x5558e57df8d0_0 .net *"_ivl_58", 0 0, L_0x5558e57ea6c0;  1 drivers
v0x5558e57df9b0_0 .net *"_ivl_63", 0 0, L_0x5558e57ea7d0;  1 drivers
v0x5558e57dfa90_0 .net *"_ivl_7", 0 0, L_0x5558e57e6ef0;  1 drivers
v0x5558e57dfb70_0 .net *"_ivl_9", 0 0, L_0x5558e57e6f90;  1 drivers
v0x5558e57dfc50_0 .net "a", 3 0, v0x5558e57e65a0_0;  alias, 1 drivers
v0x5558e57dfd30_0 .net "b", 3 0, v0x5558e57e66d0_0;  alias, 1 drivers
v0x5558e57dfe10_0 .net "c1", 0 0, L_0x5558e57e8510;  1 drivers
v0x5558e57dfeb0_0 .net "c2", 0 0, L_0x5558e57e8940;  1 drivers
v0x5558e57dff50_0 .net "c3", 0 0, L_0x5558e57e9230;  1 drivers
v0x5558e57dfff0_0 .net "c4", 0 0, L_0x5558e57ea420;  1 drivers
v0x5558e57e0090_0 .net "cin", 0 0, v0x5558e57e67e0_0;  alias, 1 drivers
v0x5558e57e0130_0 .net "cout", 0 0, L_0x5558e57ea900;  alias, 1 drivers
v0x5558e57e01d0_0 .net "g0", 0 0, L_0x5558e5791580;  1 drivers
v0x5558e57e02a0_0 .net "g1", 0 0, L_0x5558e57e7060;  1 drivers
v0x5558e57e0370_0 .net "g2", 0 0, L_0x5558e57e72a0;  1 drivers
v0x5558e57e0440_0 .net "g3", 0 0, L_0x5558e57e7590;  1 drivers
v0x5558e57e0510_0 .net "p0", 0 0, L_0x5558e57e7890;  1 drivers
v0x5558e57e07f0_0 .net "p1", 0 0, L_0x5558e57e7c60;  1 drivers
v0x5558e57e08c0_0 .net "p2", 0 0, L_0x5558e57e7bf0;  1 drivers
v0x5558e57e0990_0 .net "p3", 0 0, L_0x5558e57e8280;  1 drivers
v0x5558e57e0a60_0 .net "sum", 3 0, L_0x5558e57e9440;  alias, 1 drivers
L_0x5558e57e6ca0 .part v0x5558e57e65a0_0, 0, 1;
L_0x5558e57e6d40 .part v0x5558e57e66d0_0, 0, 1;
L_0x5558e57e6ef0 .part v0x5558e57e65a0_0, 1, 1;
L_0x5558e57e6f90 .part v0x5558e57e66d0_0, 1, 1;
L_0x5558e57e7120 .part v0x5558e57e65a0_0, 2, 1;
L_0x5558e57e71c0 .part v0x5558e57e66d0_0, 2, 1;
L_0x5558e57e7400 .part v0x5558e57e65a0_0, 3, 1;
L_0x5558e57e74a0 .part v0x5558e57e66d0_0, 3, 1;
L_0x5558e57e76f0 .part v0x5558e57e65a0_0, 0, 1;
L_0x5558e57e7790 .part v0x5558e57e66d0_0, 0, 1;
L_0x5558e57e79a0 .part v0x5558e57e65a0_0, 1, 1;
L_0x5558e57e7a40 .part v0x5558e57e66d0_0, 1, 1;
L_0x5558e57e7e00 .part v0x5558e57e65a0_0, 2, 1;
L_0x5558e57e7ea0 .part v0x5558e57e66d0_0, 2, 1;
L_0x5558e57e80b0 .part v0x5558e57e65a0_0, 3, 1;
L_0x5558e57e8150 .part v0x5558e57e66d0_0, 3, 1;
L_0x5558e57e9440 .concat8 [ 1 1 1 1], L_0x5558e57ea580, L_0x5558e57ea5f0, L_0x5558e57ea6c0, L_0x5558e57ea7d0;
S_0x5558e57ac530 .scope module, "cg" "carryGeneration" 3 33, 3 1 0, S_0x5558e57ad120;
 .timescale 0 0;
    .port_info 0 /INPUT 1 "cin";
    .port_info 1 /INPUT 1 "p0";
    .port_info 2 /INPUT 1 "p1";
    .port_info 3 /INPUT 1 "p2";
    .port_info 4 /INPUT 1 "p3";
    .port_info 5 /INPUT 1 "g0";
    .port_info 6 /INPUT 1 "g1";
    .port_info 7 /INPUT 1 "g2";
    .port_info 8 /INPUT 1 "g3";
    .port_info 9 /OUTPUT 1 "c1";
    .port_info 10 /OUTPUT 1 "c2";
    .port_info 11 /OUTPUT 1 "c3";
    .port_info 12 /OUTPUT 1 "c4";
L_0x5558e57e8430 .functor BUFZ 1, v0x5558e57e67e0_0, C4<0>, C4<0>, C4<0>;
L_0x5558e57e84a0 .functor AND 1, L_0x5558e57e7890, L_0x5558e57e8430, C4<1>, C4<1>;
L_0x5558e57e8510 .functor OR 1, L_0x5558e5791580, L_0x5558e57e84a0, C4<0>, C4<0>;
L_0x5558e57e8620 .functor AND 1, L_0x5558e57e7c60, L_0x5558e5791580, C4<1>, C4<1>;
L_0x5558e57e8690 .functor OR 1, L_0x5558e57e7060, L_0x5558e57e8620, C4<0>, C4<0>;
L_0x5558e57e8700 .functor AND 1, L_0x5558e57e7890, L_0x5558e57e7c60, C4<1>, C4<1>;
L_0x5558e57e88d0 .functor AND 1, L_0x5558e57e8700, L_0x5558e57e8430, C4<1>, C4<1>;
L_0x5558e57e8940 .functor OR 1, L_0x5558e57e8690, L_0x5558e57e88d0, C4<0>, C4<0>;
L_0x5558e57e8aa0 .functor AND 1, L_0x5558e57e7bf0, L_0x5558e57e7060, C4<1>, C4<1>;
L_0x5558e57e8ba0 .functor OR 1, L_0x5558e57e72a0, L_0x5558e57e8aa0, C4<0>, C4<0>;
L_0x5558e57e8c70 .functor AND 1, L_0x5558e57e7c60, L_0x5558e57e7bf0, C4<1>, C4<1>;
L_0x5558e57e8d70 .functor AND 1, L_0x5558e57e8c70, L_0x5558e5791580, C4<1>, C4<1>;
L_0x5558e57e8e50 .functor OR 1, L_0x5558e57e8ba0, L_0x5558e57e8d70, C4<0>, C4<0>;
L_0x5558e57e8f10 .functor AND 1, L_0x5558e57e7890, L_0x5558e57e7c60, C4<1>, C4<1>;
L_0x5558e57e8de0 .functor AND 1, L_0x5558e57e8f10, L_0x5558e57e7bf0, C4<1>, C4<1>;
L_0x5558e57e9050 .functor AND 1, L_0x5558e57e8de0, L_0x5558e57e8430, C4<1>, C4<1>;
L_0x5558e57e9230 .functor OR 1, L_0x5558e57e8e50, L_0x5558e57e9050, C4<0>, C4<0>;
L_0x5558e57e9340 .functor AND 1, L_0x5558e57e8280, L_0x5558e57e72a0, C4<1>, C4<1>;
L_0x5558e57e94e0 .functor OR 1, L_0x5558e57e7590, L_0x5558e57e9340, C4<0>, C4<0>;
L_0x5558e57e9550 .functor AND 1, L_0x5558e57e7bf0, L_0x5558e57e8280, C4<1>, C4<1>;
L_0x5558e57e9670 .functor AND 1, L_0x5558e57e9550, L_0x5558e57e7060, C4<1>, C4<1>;
L_0x5558e57e96e0 .functor OR 1, L_0x5558e57e94e0, L_0x5558e57e9670, C4<0>, C4<0>;
L_0x5558e57e98b0 .functor AND 1, L_0x5558e57e7c60, L_0x5558e57e7bf0, C4<1>, C4<1>;
L_0x5558e57e9920 .functor AND 1, L_0x5558e57e98b0, L_0x5558e57e8280, C4<1>, C4<1>;
L_0x5558e57e9ab0 .functor AND 1, L_0x5558e57e9920, L_0x5558e5791580, C4<1>, C4<1>;
L_0x5558e57e9b70 .functor OR 1, L_0x5558e57e96e0, L_0x5558e57e9ab0, C4<0>, C4<0>;
L_0x5558e57e9d60 .functor AND 1, L_0x5558e57e7890, L_0x5558e57e7c60, C4<1>, C4<1>;
L_0x5558e57e9ee0 .functor AND 1, L_0x5558e57e9d60, L_0x5558e57e7bf0, C4<1>, C4<1>;
L_0x5558e57ea1a0 .functor AND 1, L_0x5558e57e9ee0, L_0x5558e57e8280, C4<1>, C4<1>;
L_0x5558e57ea260 .functor AND 1, L_0x5558e57ea1a0, L_0x5558e57e8430, C4<1>, C4<1>;
L_0x5558e57ea420 .functor OR 1, L_0x5558e57e9b70, L_0x5558e57ea260, C4<0>, C4<0>;
v0x5558e57bc440_0 .net *"_ivl_10", 0 0, L_0x5558e57e8700;  1 drivers
v0x5558e57dc620_0 .net *"_ivl_12", 0 0, L_0x5558e57e88d0;  1 drivers
v0x5558e57dc700_0 .net *"_ivl_16", 0 0, L_0x5558e57e8aa0;  1 drivers
v0x5558e57dc7c0_0 .net *"_ivl_18", 0 0, L_0x5558e57e8ba0;  1 drivers
v0x5558e57dc8a0_0 .net *"_ivl_2", 0 0, L_0x5558e57e84a0;  1 drivers
v0x5558e57dc9d0_0 .net *"_ivl_20", 0 0, L_0x5558e57e8c70;  1 drivers
v0x5558e57dcab0_0 .net *"_ivl_22", 0 0, L_0x5558e57e8d70;  1 drivers
v0x5558e57dcb90_0 .net *"_ivl_24", 0 0, L_0x5558e57e8e50;  1 drivers
v0x5558e57dcc70_0 .net *"_ivl_26", 0 0, L_0x5558e57e8f10;  1 drivers
v0x5558e57dcd50_0 .net *"_ivl_28", 0 0, L_0x5558e57e8de0;  1 drivers
v0x5558e57dce30_0 .net *"_ivl_30", 0 0, L_0x5558e57e9050;  1 drivers
v0x5558e57dcf10_0 .net *"_ivl_34", 0 0, L_0x5558e57e9340;  1 drivers
v0x5558e57dcff0_0 .net *"_ivl_36", 0 0, L_0x5558e57e94e0;  1 drivers
v0x5558e57dd0d0_0 .net *"_ivl_38", 0 0, L_0x5558e57e9550;  1 drivers
v0x5558e57dd1b0_0 .net *"_ivl_40", 0 0, L_0x5558e57e9670;  1 drivers
v0x5558e57dd290_0 .net *"_ivl_42", 0 0, L_0x5558e57e96e0;  1 drivers
v0x5558e57dd370_0 .net *"_ivl_44", 0 0, L_0x5558e57e98b0;  1 drivers
v0x5558e57dd450_0 .net *"_ivl_46", 0 0, L_0x5558e57e9920;  1 drivers
v0x5558e57dd530_0 .net *"_ivl_48", 0 0, L_0x5558e57e9ab0;  1 drivers
v0x5558e57dd610_0 .net *"_ivl_50", 0 0, L_0x5558e57e9b70;  1 drivers
v0x5558e57dd6f0_0 .net *"_ivl_52", 0 0, L_0x5558e57e9d60;  1 drivers
v0x5558e57dd7d0_0 .net *"_ivl_54", 0 0, L_0x5558e57e9ee0;  1 drivers
v0x5558e57dd8b0_0 .net *"_ivl_56", 0 0, L_0x5558e57ea1a0;  1 drivers
v0x5558e57dd990_0 .net *"_ivl_58", 0 0, L_0x5558e57ea260;  1 drivers
v0x5558e57dda70_0 .net *"_ivl_6", 0 0, L_0x5558e57e8620;  1 drivers
v0x5558e57ddb50_0 .net *"_ivl_8", 0 0, L_0x5558e57e8690;  1 drivers
v0x5558e57ddc30_0 .net "c0", 0 0, L_0x5558e57e8430;  1 drivers
v0x5558e57ddcf0_0 .net "c1", 0 0, L_0x5558e57e8510;  alias, 1 drivers
v0x5558e57dddb0_0 .net "c2", 0 0, L_0x5558e57e8940;  alias, 1 drivers
v0x5558e57dde70_0 .net "c3", 0 0, L_0x5558e57e9230;  alias, 1 drivers
v0x5558e57ddf30_0 .net "c4", 0 0, L_0x5558e57ea420;  alias, 1 drivers
v0x5558e57ddff0_0 .net "cin", 0 0, v0x5558e57e67e0_0;  alias, 1 drivers
v0x5558e57de0b0_0 .net "g0", 0 0, L_0x5558e5791580;  alias, 1 drivers
v0x5558e57de380_0 .net "g1", 0 0, L_0x5558e57e7060;  alias, 1 drivers
v0x5558e57de440_0 .net "g2", 0 0, L_0x5558e57e72a0;  alias, 1 drivers
v0x5558e57de500_0 .net "g3", 0 0, L_0x5558e57e7590;  alias, 1 drivers
v0x5558e57de5c0_0 .net "p0", 0 0, L_0x5558e57e7890;  alias, 1 drivers
v0x5558e57de680_0 .net "p1", 0 0, L_0x5558e57e7c60;  alias, 1 drivers
v0x5558e57de740_0 .net "p2", 0 0, L_0x5558e57e7bf0;  alias, 1 drivers
v0x5558e57de800_0 .net "p3", 0 0, L_0x5558e57e8280;  alias, 1 drivers
S_0x5558e57e0b30 .scope module, "cla2" "cla" 3 53, 3 14 0, S_0x5558e57b4550;
 .timescale 0 0;
    .port_info 0 /INPUT 4 "a";
    .port_info 1 /INPUT 4 "b";
    .port_info 2 /INPUT 1 "cin";
    .port_info 3 /OUTPUT 4 "sum";
    .port_info 4 /OUTPUT 1 "cout";
L_0x5558e57eb410 .functor AND 1, L_0x5558e57eb1c0, L_0x5558e57eb260, C4<1>, C4<1>;
L_0x5558e57eb6b0 .functor AND 1, L_0x5558e57eb570, L_0x5558e57eb610, C4<1>, C4<1>;
L_0x5558e57eb900 .functor AND 1, L_0x5558e57eb7c0, L_0x5558e57eb860, C4<1>, C4<1>;
L_0x5558e57ebbf0 .functor AND 1, L_0x5558e57eba60, L_0x5558e57ebb00, C4<1>, C4<1>;
L_0x5558e57ebef0 .functor XOR 1, L_0x5558e57ebd50, L_0x5558e57ebdf0, C4<0>, C4<0>;
L_0x5558e57ec2c0 .functor XOR 1, L_0x5558e57ec000, L_0x5558e57ec1b0, C4<0>, C4<0>;
L_0x5558e57ec250 .functor XOR 1, L_0x5558e57ec420, L_0x5558e57ec4c0, C4<0>, C4<0>;
L_0x5558e57ec8a0 .functor XOR 1, L_0x5558e57ec6d0, L_0x5558e57ec770, C4<0>, C4<0>;
L_0x7f27066b00a8 .functor BUFT 1, C4<0>, C4<0>, C4<0>, C4<0>;
L_0x5558e57eeaf0 .functor XOR 1, L_0x5558e57ebef0, L_0x7f27066b00a8, C4<0>, C4<0>;
L_0x5558e57eeb60 .functor XOR 1, L_0x5558e57ec2c0, L_0x5558e57ecbd0, C4<0>, C4<0>;
L_0x5558e57eec30 .functor XOR 1, L_0x5558e57ec250, L_0x5558e57ecf30, C4<0>, C4<0>;
L_0x5558e57eed40 .functor XOR 1, L_0x5558e57ec8a0, L_0x5558e57ed7a0, C4<0>, C4<0>;
L_0x5558e57eee70 .functor BUFZ 1, L_0x5558e57ee990, C4<0>, C4<0>, C4<0>;
v0x5558e57e3540_0 .net *"_ivl_1", 0 0, L_0x5558e57eb1c0;  1 drivers
v0x5558e57e3640_0 .net *"_ivl_13", 0 0, L_0x5558e57eb7c0;  1 drivers
v0x5558e57e3720_0 .net *"_ivl_15", 0 0, L_0x5558e57eb860;  1 drivers
v0x5558e57e37e0_0 .net *"_ivl_19", 0 0, L_0x5558e57eba60;  1 drivers
v0x5558e57e38c0_0 .net *"_ivl_21", 0 0, L_0x5558e57ebb00;  1 drivers
v0x5558e57e39a0_0 .net *"_ivl_25", 0 0, L_0x5558e57ebd50;  1 drivers
v0x5558e57e3a80_0 .net *"_ivl_27", 0 0, L_0x5558e57ebdf0;  1 drivers
v0x5558e57e3b60_0 .net *"_ivl_3", 0 0, L_0x5558e57eb260;  1 drivers
v0x5558e57e3c40_0 .net *"_ivl_31", 0 0, L_0x5558e57ec000;  1 drivers
v0x5558e57e3d20_0 .net *"_ivl_33", 0 0, L_0x5558e57ec1b0;  1 drivers
v0x5558e57e3e00_0 .net *"_ivl_37", 0 0, L_0x5558e57ec420;  1 drivers
v0x5558e57e3ee0_0 .net *"_ivl_39", 0 0, L_0x5558e57ec4c0;  1 drivers
v0x5558e57e3fc0_0 .net *"_ivl_43", 0 0, L_0x5558e57ec6d0;  1 drivers
v0x5558e57e40a0_0 .net *"_ivl_45", 0 0, L_0x5558e57ec770;  1 drivers
v0x5558e57e4180_0 .net *"_ivl_50", 0 0, L_0x5558e57eeaf0;  1 drivers
v0x5558e57e4260_0 .net *"_ivl_54", 0 0, L_0x5558e57eeb60;  1 drivers
v0x5558e57e4340_0 .net *"_ivl_58", 0 0, L_0x5558e57eec30;  1 drivers
v0x5558e57e4420_0 .net *"_ivl_63", 0 0, L_0x5558e57eed40;  1 drivers
v0x5558e57e4500_0 .net *"_ivl_7", 0 0, L_0x5558e57eb570;  1 drivers
v0x5558e57e45e0_0 .net *"_ivl_9", 0 0, L_0x5558e57eb610;  1 drivers
v0x5558e57e46c0_0 .net "a", 3 0, L_0x5558e57eafe0;  alias, 1 drivers
v0x5558e57e47a0_0 .net "b", 3 0, L_0x5558e57e9440;  alias, 1 drivers
v0x5558e57e4860_0 .net "c1", 0 0, L_0x5558e57ecbd0;  1 drivers
v0x5558e57e4930_0 .net "c2", 0 0, L_0x5558e57ecf30;  1 drivers
v0x5558e57e4a00_0 .net "c3", 0 0, L_0x5558e57ed7a0;  1 drivers
v0x5558e57e4ad0_0 .net "c4", 0 0, L_0x5558e57ee990;  1 drivers
v0x5558e57e4ba0_0 .net "cin", 0 0, L_0x7f27066b00a8;  1 drivers
v0x5558e57e4c70_0 .net "cout", 0 0, L_0x5558e57eee70;  alias, 1 drivers
v0x5558e57e4d10_0 .net "g0", 0 0, L_0x5558e57eb410;  1 drivers
v0x5558e57e4de0_0 .net "g1", 0 0, L_0x5558e57eb6b0;  1 drivers
v0x5558e57e4eb0_0 .net "g2", 0 0, L_0x5558e57eb900;  1 drivers
v0x5558e57e4f80_0 .net "g3", 0 0, L_0x5558e57ebbf0;  1 drivers
v0x5558e57e5050_0 .net "p0", 0 0, L_0x5558e57ebef0;  1 drivers
v0x5558e57e5330_0 .net "p1", 0 0, L_0x5558e57ec2c0;  1 drivers
v0x5558e57e5400_0 .net "p2", 0 0, L_0x5558e57ec250;  1 drivers
v0x5558e57e54d0_0 .net "p3", 0 0, L_0x5558e57ec8a0;  1 drivers
v0x5558e57e55a0_0 .net "sum", 3 0, L_0x5558e57ed9b0;  alias, 1 drivers
L_0x5558e57eb1c0 .part L_0x5558e57eafe0, 0, 1;
L_0x5558e57eb260 .part L_0x5558e57e9440, 0, 1;
L_0x5558e57eb570 .part L_0x5558e57eafe0, 1, 1;
L_0x5558e57eb610 .part L_0x5558e57e9440, 1, 1;
L_0x5558e57eb7c0 .part L_0x5558e57eafe0, 2, 1;
L_0x5558e57eb860 .part L_0x5558e57e9440, 2, 1;
L_0x5558e57eba60 .part L_0x5558e57eafe0, 3, 1;
L_0x5558e57ebb00 .part L_0x5558e57e9440, 3, 1;
L_0x5558e57ebd50 .part L_0x5558e57eafe0, 0, 1;
L_0x5558e57ebdf0 .part L_0x5558e57e9440, 0, 1;
L_0x5558e57ec000 .part L_0x5558e57eafe0, 1, 1;
L_0x5558e57ec1b0 .part L_0x5558e57e9440, 1, 1;
L_0x5558e57ec420 .part L_0x5558e57eafe0, 2, 1;
L_0x5558e57ec4c0 .part L_0x5558e57e9440, 2, 1;
L_0x5558e57ec6d0 .part L_0x5558e57eafe0, 3, 1;
L_0x5558e57ec770 .part L_0x5558e57e9440, 3, 1;
L_0x5558e57ed9b0 .concat8 [ 1 1 1 1], L_0x5558e57eeaf0, L_0x5558e57eeb60, L_0x5558e57eec30, L_0x5558e57eed40;
S_0x5558e57e0cc0 .scope module, "cg" "carryGeneration" 3 33, 3 1 0, S_0x5558e57e0b30;
 .timescale 0 0;
    .port_info 0 /INPUT 1 "cin";
    .port_info 1 /INPUT 1 "p0";
    .port_info 2 /INPUT 1 "p1";
    .port_info 3 /INPUT 1 "p2";
    .port_info 4 /INPUT 1 "p3";
    .port_info 5 /INPUT 1 "g0";
    .port_info 6 /INPUT 1 "g1";
    .port_info 7 /INPUT 1 "g2";
    .port_info 8 /INPUT 1 "g3";
    .port_info 9 /OUTPUT 1 "c1";
    .port_info 10 /OUTPUT 1 "c2";
    .port_info 11 /OUTPUT 1 "c3";
    .port_info 12 /OUTPUT 1 "c4";
L_0x5558e57eca50 .functor BUFZ 1, L_0x7f27066b00a8, C4<0>, C4<0>, C4<0>;
L_0x5558e57ecb10 .functor AND 1, L_0x5558e57ebef0, L_0x5558e57eca50, C4<1>, C4<1>;
L_0x5558e57ecbd0 .functor OR 1, L_0x5558e57eb410, L_0x5558e57ecb10, C4<0>, C4<0>;
L_0x5558e57ecce0 .functor AND 1, L_0x5558e57ec2c0, L_0x5558e57eb410, C4<1>, C4<1>;
L_0x5558e57ecd50 .functor OR 1, L_0x5558e57eb6b0, L_0x5558e57ecce0, C4<0>, C4<0>;
L_0x5558e57ecdc0 .functor AND 1, L_0x5558e57ebef0, L_0x5558e57ec2c0, C4<1>, C4<1>;
L_0x5558e57ecec0 .functor AND 1, L_0x5558e57ecdc0, L_0x5558e57eca50, C4<1>, C4<1>;
L_0x5558e57ecf30 .functor OR 1, L_0x5558e57ecd50, L_0x5558e57ecec0, C4<0>, C4<0>;
L_0x5558e57ed090 .functor AND 1, L_0x5558e57ec250, L_0x5558e57eb6b0, C4<1>, C4<1>;
L_0x5558e57ed190 .functor OR 1, L_0x5558e57eb900, L_0x5558e57ed090, C4<0>, C4<0>;
L_0x5558e57ed260 .functor AND 1, L_0x5558e57ec2c0, L_0x5558e57ec250, C4<1>, C4<1>;
L_0x5558e57ed360 .functor AND 1, L_0x5558e57ed260, L_0x5558e57eb410, C4<1>, C4<1>;
L_0x5558e57ed440 .functor OR 1, L_0x5558e57ed190, L_0x5558e57ed360, C4<0>, C4<0>;
L_0x5558e57ed500 .functor AND 1, L_0x5558e57ebef0, L_0x5558e57ec2c0, C4<1>, C4<1>;
L_0x5558e57ed3d0 .functor AND 1, L_0x5558e57ed500, L_0x5558e57ec250, C4<1>, C4<1>;
L_0x5558e57ed5c0 .functor AND 1, L_0x5558e57ed3d0, L_0x5558e57eca50, C4<1>, C4<1>;
L_0x5558e57ed7a0 .functor OR 1, L_0x5558e57ed440, L_0x5558e57ed5c0, C4<0>, C4<0>;
L_0x5558e57ed8b0 .functor AND 1, L_0x5558e57ec8a0, L_0x5558e57eb900, C4<1>, C4<1>;
L_0x5558e57eda50 .functor OR 1, L_0x5558e57ebbf0, L_0x5558e57ed8b0, C4<0>, C4<0>;
L_0x5558e57edac0 .functor AND 1, L_0x5558e57ec250, L_0x5558e57ec8a0, C4<1>, C4<1>;
L_0x5558e57edbe0 .functor AND 1, L_0x5558e57edac0, L_0x5558e57eb6b0, C4<1>, C4<1>;
L_0x5558e57edc50 .functor OR 1, L_0x5558e57eda50, L_0x5558e57edbe0, C4<0>, C4<0>;
L_0x5558e57ede20 .functor AND 1, L_0x5558e57ec2c0, L_0x5558e57ec250, C4<1>, C4<1>;
L_0x5558e57ede90 .functor AND 1, L_0x5558e57ede20, L_0x5558e57ec8a0, C4<1>, C4<1>;
L_0x5558e57ee020 .functor AND 1, L_0x5558e57ede90, L_0x5558e57eb410, C4<1>, C4<1>;
L_0x5558e57ee0e0 .functor OR 1, L_0x5558e57edc50, L_0x5558e57ee020, C4<0>, C4<0>;
L_0x5558e57ee2d0 .functor AND 1, L_0x5558e57ebef0, L_0x5558e57ec2c0, C4<1>, C4<1>;
L_0x5558e57ee450 .functor AND 1, L_0x5558e57ee2d0, L_0x5558e57ec250, C4<1>, C4<1>;
L_0x5558e57ee710 .functor AND 1, L_0x5558e57ee450, L_0x5558e57ec8a0, C4<1>, C4<1>;
L_0x5558e57ee7d0 .functor AND 1, L_0x5558e57ee710, L_0x5558e57eca50, C4<1>, C4<1>;
L_0x5558e57ee990 .functor OR 1, L_0x5558e57ee0e0, L_0x5558e57ee7d0, C4<0>, C4<0>;
v0x5558e57e0fe0_0 .net *"_ivl_10", 0 0, L_0x5558e57ecdc0;  1 drivers
v0x5558e57e1080_0 .net *"_ivl_12", 0 0, L_0x5558e57ecec0;  1 drivers
v0x5558e57e1140_0 .net *"_ivl_16", 0 0, L_0x5558e57ed090;  1 drivers
v0x5558e57e1230_0 .net *"_ivl_18", 0 0, L_0x5558e57ed190;  1 drivers
v0x5558e57e1310_0 .net *"_ivl_2", 0 0, L_0x5558e57ecb10;  1 drivers
v0x5558e57e1440_0 .net *"_ivl_20", 0 0, L_0x5558e57ed260;  1 drivers
v0x5558e57e1520_0 .net *"_ivl_22", 0 0, L_0x5558e57ed360;  1 drivers
v0x5558e57e1600_0 .net *"_ivl_24", 0 0, L_0x5558e57ed440;  1 drivers
v0x5558e57e16e0_0 .net *"_ivl_26", 0 0, L_0x5558e57ed500;  1 drivers
v0x5558e57e17c0_0 .net *"_ivl_28", 0 0, L_0x5558e57ed3d0;  1 drivers
v0x5558e57e18a0_0 .net *"_ivl_30", 0 0, L_0x5558e57ed5c0;  1 drivers
v0x5558e57e1980_0 .net *"_ivl_34", 0 0, L_0x5558e57ed8b0;  1 drivers
v0x5558e57e1a60_0 .net *"_ivl_36", 0 0, L_0x5558e57eda50;  1 drivers
v0x5558e57e1b40_0 .net *"_ivl_38", 0 0, L_0x5558e57edac0;  1 drivers
v0x5558e57e1c20_0 .net *"_ivl_40", 0 0, L_0x5558e57edbe0;  1 drivers
v0x5558e57e1d00_0 .net *"_ivl_42", 0 0, L_0x5558e57edc50;  1 drivers
v0x5558e57e1de0_0 .net *"_ivl_44", 0 0, L_0x5558e57ede20;  1 drivers
v0x5558e57e1ec0_0 .net *"_ivl_46", 0 0, L_0x5558e57ede90;  1 drivers
v0x5558e57e1fa0_0 .net *"_ivl_48", 0 0, L_0x5558e57ee020;  1 drivers
v0x5558e57e2080_0 .net *"_ivl_50", 0 0, L_0x5558e57ee0e0;  1 drivers
v0x5558e57e2160_0 .net *"_ivl_52", 0 0, L_0x5558e57ee2d0;  1 drivers
v0x5558e57e2240_0 .net *"_ivl_54", 0 0, L_0x5558e57ee450;  1 drivers
v0x5558e57e2320_0 .net *"_ivl_56", 0 0, L_0x5558e57ee710;  1 drivers
v0x5558e57e2400_0 .net *"_ivl_58", 0 0, L_0x5558e57ee7d0;  1 drivers
v0x5558e57e24e0_0 .net *"_ivl_6", 0 0, L_0x5558e57ecce0;  1 drivers
v0x5558e57e25c0_0 .net *"_ivl_8", 0 0, L_0x5558e57ecd50;  1 drivers
v0x5558e57e26a0_0 .net "c0", 0 0, L_0x5558e57eca50;  1 drivers
v0x5558e57e2760_0 .net "c1", 0 0, L_0x5558e57ecbd0;  alias, 1 drivers
v0x5558e57e2820_0 .net "c2", 0 0, L_0x5558e57ecf30;  alias, 1 drivers
v0x5558e57e28e0_0 .net "c3", 0 0, L_0x5558e57ed7a0;  alias, 1 drivers
v0x5558e57e29a0_0 .net "c4", 0 0, L_0x5558e57ee990;  alias, 1 drivers
v0x5558e57e2a60_0 .net "cin", 0 0, L_0x7f27066b00a8;  alias, 1 drivers
v0x5558e57e2b20_0 .net "g0", 0 0, L_0x5558e57eb410;  alias, 1 drivers
v0x5558e57e2df0_0 .net "g1", 0 0, L_0x5558e57eb6b0;  alias, 1 drivers
v0x5558e57e2eb0_0 .net "g2", 0 0, L_0x5558e57eb900;  alias, 1 drivers
v0x5558e57e2f70_0 .net "g3", 0 0, L_0x5558e57ebbf0;  alias, 1 drivers
v0x5558e57e3030_0 .net "p0", 0 0, L_0x5558e57ebef0;  alias, 1 drivers
v0x5558e57e30f0_0 .net "p1", 0 0, L_0x5558e57ec2c0;  alias, 1 drivers
v0x5558e57e31b0_0 .net "p2", 0 0, L_0x5558e57ec250;  alias, 1 drivers
v0x5558e57e3270_0 .net "p3", 0 0, L_0x5558e57ec8a0;  alias, 1 drivers
    .scope S_0x5558e57c05d0;
T_0 ;
    %pushi/vec4 0, 0, 1;
    %store/vec4 v0x5558e57e6880_0, 0, 1;
    %pushi/vec4 1, 0, 1;
    %store/vec4 v0x5558e57e6ad0_0, 0, 1;
    %delay 20, 0;
    %pushi/vec4 0, 0, 1;
    %store/vec4 v0x5558e57e6ad0_0, 0, 1;
    %end;
    .thread T_0;
    .scope S_0x5558e57c05d0;
T_1 ;
    %delay 10, 0;
    %load/vec4 v0x5558e57e6880_0;
    %inv;
    %store/vec4 v0x5558e57e6880_0, 0, 1;
    %jmp T_1;
    .thread T_1;
    .scope S_0x5558e57c05d0;
T_2 ;
    %wait E_0x5558e579bec0;
    %load/vec4 v0x5558e57e6ad0_0;
    %flag_set/vec4 8;
    %jmp/0xz  T_2.0, 8;
    %pushi/vec4 0, 0, 8;
    %assign/vec4 v0x5558e57e6a10_0, 0;
    %jmp T_2.1;
T_2.0 ;
    %vpi_func 2 25 "$random" 32 {0 0 0};
    %pushi/vec4 16, 0, 32;
    %mod/s;
    %pad/s 4;
    %store/vec4 v0x5558e57e65a0_0, 0, 4;
    %vpi_func 2 26 "$random" 32 {0 0 0};
    %pushi/vec4 16, 0, 32;
    %mod/s;
    %pad/s 4;
    %store/vec4 v0x5558e57e66d0_0, 0, 4;
    %vpi_func 2 27 "$random" 32 {0 0 0};
    %pushi/vec4 2, 0, 32;
    %mod/s;
    %pad/s 1;
    %store/vec4 v0x5558e57e67e0_0, 0, 1;
    %load/vec4 v0x5558e57e6a10_0;
    %addi 1, 0, 8;
    %assign/vec4 v0x5558e57e6a10_0, 0;
    %load/vec4 v0x5558e57e6a10_0;
    %pad/u 32;
    %cmpi/e 20, 0, 32;
    %jmp/0xz  T_2.2, 4;
    %delay 10, 0;
    %vpi_call 2 31 "$finish" {0 0 0};
T_2.2 ;
T_2.1 ;
    %jmp T_2;
    .thread T_2;
    .scope S_0x5558e57c05d0;
T_3 ;
    %vpi_call 2 37 "$monitor", "%d: a=%b,b=%b,cin=%b,sum=%b,cout=%b", $time, v0x5558e57e65a0_0, v0x5558e57e66d0_0, v0x5558e57e67e0_0, v0x5558e57e6b90_0, v0x5558e57e6920_0 {0 0 0};
    %vpi_call 2 38 "$dumpfile", "waveform.vcd" {0 0 0};
    %vpi_call 2 39 "$dumpvars" {0 0 0};
    %end;
    .thread T_3;
# The file index is used to find the file name in the following table.
:file_names 4;
    "N/A";
    "<interactive>";
    "testProgram.v";
    "program.v";
