#! /usr/bin/vvp
:ivl_version "12.0 (stable)";
:ivl_delay_selection "TYPICAL";
:vpi_time_precision + 0;
:vpi_module "/usr/lib64/ivl/system.vpi";
:vpi_module "/usr/lib64/ivl/vhdl_sys.vpi";
:vpi_module "/usr/lib64/ivl/vhdl_textio.vpi";
:vpi_module "/usr/lib64/ivl/v2005_math.vpi";
:vpi_module "/usr/lib64/ivl/va_math.vpi";
S_0x55cb5c8ee100 .scope module, "test_ckt" "test_ckt" 2 1;
 .timescale 0 0;
v0x55cb5c90d210_0 .var "a", 0 0;
v0x55cb5c90d2d0_0 .var "b", 0 0;
v0x55cb5c90d370_0 .var "c", 0 0;
v0x55cb5c90d410_0 .var "d", 0 0;
v0x55cb5c90d4b0_0 .net "f", 0 0, L_0x55cb5c90d9a0;  1 drivers
S_0x55cb5c8ee290 .scope module, "uut" "ckt" 2 5, 3 1 0, S_0x55cb5c8ee100;
 .timescale 0 0;
    .port_info 0 /INPUT 1 "a";
    .port_info 1 /INPUT 1 "b";
    .port_info 2 /INPUT 1 "c";
    .port_info 3 /INPUT 1 "d";
    .port_info 4 /OUTPUT 1 "f";
L_0x55cb5c90d550 .functor AND 1, v0x55cb5c90d210_0, v0x55cb5c90d2d0_0, C4<1>, C4<1>;
L_0x55cb5c90d690 .functor OR 1, v0x55cb5c90d370_0, v0x55cb5c90d410_0, C4<0>, C4<0>;
L_0x55cb5c90d7a0 .functor NOT 1, L_0x55cb5c90d690, C4<0>, C4<0>, C4<0>;
L_0x55cb5c90d860 .functor AND 1, L_0x55cb5c90d550, L_0x55cb5c90d7a0, C4<1>, C4<1>;
L_0x55cb5c90d9a0 .functor NOT 1, L_0x55cb5c90d860, C4<0>, C4<0>, C4<0>;
v0x55cb5c8b4470_0 .net *"_ivl_2", 0 0, L_0x55cb5c90d690;  1 drivers
v0x55cb5c90cb20_0 .net *"_ivl_6", 0 0, L_0x55cb5c90d860;  1 drivers
v0x55cb5c90cc00_0 .net "a", 0 0, v0x55cb5c90d210_0;  1 drivers
v0x55cb5c90cca0_0 .net "b", 0 0, v0x55cb5c90d2d0_0;  1 drivers
v0x55cb5c90cd60_0 .net "c", 0 0, v0x55cb5c90d370_0;  1 drivers
v0x55cb5c90ce70_0 .net "d", 0 0, v0x55cb5c90d410_0;  1 drivers
v0x55cb5c90cf30_0 .net "f", 0 0, L_0x55cb5c90d9a0;  alias, 1 drivers
v0x55cb5c90cff0_0 .net "t1", 0 0, L_0x55cb5c90d550;  1 drivers
v0x55cb5c90d0b0_0 .net "t2", 0 0, L_0x55cb5c90d7a0;  1 drivers
    .scope S_0x55cb5c8ee100;
T_0 ;
    %vpi_call 2 7 "$dumpfile", "wave.vcd" {0 0 0};
    %vpi_call 2 8 "$dumpvars", 32'sb00000000000000000000000000000000, S_0x55cb5c8ee100 {0 0 0};
    %vpi_call 2 9 "$monitor", "a = %b, b = %b, c = %b, d = %b, f = %b", v0x55cb5c90d210_0, v0x55cb5c90d2d0_0, v0x55cb5c90d370_0, v0x55cb5c90d410_0, v0x55cb5c90d4b0_0 {0 0 0};
    %delay 10, 0;
    %pushi/vec4 0, 0, 1;
    %store/vec4 v0x55cb5c90d210_0, 0, 1;
    %pushi/vec4 0, 0, 1;
    %store/vec4 v0x55cb5c90d2d0_0, 0, 1;
    %pushi/vec4 0, 0, 1;
    %store/vec4 v0x55cb5c90d370_0, 0, 1;
    %pushi/vec4 0, 0, 1;
    %store/vec4 v0x55cb5c90d410_0, 0, 1;
    %delay 10, 0;
    %pushi/vec4 0, 0, 1;
    %store/vec4 v0x55cb5c90d210_0, 0, 1;
    %pushi/vec4 0, 0, 1;
    %store/vec4 v0x55cb5c90d2d0_0, 0, 1;
    %pushi/vec4 0, 0, 1;
    %store/vec4 v0x55cb5c90d370_0, 0, 1;
    %pushi/vec4 1, 0, 1;
    %store/vec4 v0x55cb5c90d410_0, 0, 1;
    %delay 10, 0;
    %pushi/vec4 0, 0, 1;
    %store/vec4 v0x55cb5c90d210_0, 0, 1;
    %pushi/vec4 0, 0, 1;
    %store/vec4 v0x55cb5c90d2d0_0, 0, 1;
    %pushi/vec4 1, 0, 1;
    %store/vec4 v0x55cb5c90d370_0, 0, 1;
    %pushi/vec4 0, 0, 1;
    %store/vec4 v0x55cb5c90d410_0, 0, 1;
    %delay 10, 0;
    %pushi/vec4 0, 0, 1;
    %store/vec4 v0x55cb5c90d210_0, 0, 1;
    %pushi/vec4 0, 0, 1;
    %store/vec4 v0x55cb5c90d2d0_0, 0, 1;
    %pushi/vec4 1, 0, 1;
    %store/vec4 v0x55cb5c90d370_0, 0, 1;
    %pushi/vec4 1, 0, 1;
    %store/vec4 v0x55cb5c90d410_0, 0, 1;
    %delay 10, 0;
    %pushi/vec4 0, 0, 1;
    %store/vec4 v0x55cb5c90d210_0, 0, 1;
    %pushi/vec4 1, 0, 1;
    %store/vec4 v0x55cb5c90d2d0_0, 0, 1;
    %pushi/vec4 0, 0, 1;
    %store/vec4 v0x55cb5c90d370_0, 0, 1;
    %pushi/vec4 0, 0, 1;
    %store/vec4 v0x55cb5c90d410_0, 0, 1;
    %delay 10, 0;
    %pushi/vec4 0, 0, 1;
    %store/vec4 v0x55cb5c90d210_0, 0, 1;
    %pushi/vec4 1, 0, 1;
    %store/vec4 v0x55cb5c90d2d0_0, 0, 1;
    %pushi/vec4 0, 0, 1;
    %store/vec4 v0x55cb5c90d370_0, 0, 1;
    %pushi/vec4 1, 0, 1;
    %store/vec4 v0x55cb5c90d410_0, 0, 1;
    %delay 10, 0;
    %pushi/vec4 0, 0, 1;
    %store/vec4 v0x55cb5c90d210_0, 0, 1;
    %pushi/vec4 1, 0, 1;
    %store/vec4 v0x55cb5c90d2d0_0, 0, 1;
    %pushi/vec4 1, 0, 1;
    %store/vec4 v0x55cb5c90d370_0, 0, 1;
    %pushi/vec4 0, 0, 1;
    %store/vec4 v0x55cb5c90d410_0, 0, 1;
    %delay 10, 0;
    %pushi/vec4 0, 0, 1;
    %store/vec4 v0x55cb5c90d210_0, 0, 1;
    %pushi/vec4 1, 0, 1;
    %store/vec4 v0x55cb5c90d2d0_0, 0, 1;
    %pushi/vec4 1, 0, 1;
    %store/vec4 v0x55cb5c90d370_0, 0, 1;
    %pushi/vec4 1, 0, 1;
    %store/vec4 v0x55cb5c90d410_0, 0, 1;
    %delay 10, 0;
    %pushi/vec4 1, 0, 1;
    %store/vec4 v0x55cb5c90d210_0, 0, 1;
    %pushi/vec4 0, 0, 1;
    %store/vec4 v0x55cb5c90d2d0_0, 0, 1;
    %pushi/vec4 0, 0, 1;
    %store/vec4 v0x55cb5c90d370_0, 0, 1;
    %pushi/vec4 0, 0, 1;
    %store/vec4 v0x55cb5c90d410_0, 0, 1;
    %delay 10, 0;
    %pushi/vec4 1, 0, 1;
    %store/vec4 v0x55cb5c90d210_0, 0, 1;
    %pushi/vec4 0, 0, 1;
    %store/vec4 v0x55cb5c90d2d0_0, 0, 1;
    %pushi/vec4 0, 0, 1;
    %store/vec4 v0x55cb5c90d370_0, 0, 1;
    %pushi/vec4 1, 0, 1;
    %store/vec4 v0x55cb5c90d410_0, 0, 1;
    %delay 10, 0;
    %pushi/vec4 1, 0, 1;
    %store/vec4 v0x55cb5c90d210_0, 0, 1;
    %pushi/vec4 0, 0, 1;
    %store/vec4 v0x55cb5c90d2d0_0, 0, 1;
    %pushi/vec4 1, 0, 1;
    %store/vec4 v0x55cb5c90d370_0, 0, 1;
    %pushi/vec4 0, 0, 1;
    %store/vec4 v0x55cb5c90d410_0, 0, 1;
    %delay 10, 0;
    %pushi/vec4 1, 0, 1;
    %store/vec4 v0x55cb5c90d210_0, 0, 1;
    %pushi/vec4 0, 0, 1;
    %store/vec4 v0x55cb5c90d2d0_0, 0, 1;
    %pushi/vec4 1, 0, 1;
    %store/vec4 v0x55cb5c90d370_0, 0, 1;
    %pushi/vec4 1, 0, 1;
    %store/vec4 v0x55cb5c90d410_0, 0, 1;
    %delay 10, 0;
    %pushi/vec4 1, 0, 1;
    %store/vec4 v0x55cb5c90d210_0, 0, 1;
    %pushi/vec4 1, 0, 1;
    %store/vec4 v0x55cb5c90d2d0_0, 0, 1;
    %pushi/vec4 0, 0, 1;
    %store/vec4 v0x55cb5c90d370_0, 0, 1;
    %pushi/vec4 0, 0, 1;
    %store/vec4 v0x55cb5c90d410_0, 0, 1;
    %delay 10, 0;
    %pushi/vec4 1, 0, 1;
    %store/vec4 v0x55cb5c90d210_0, 0, 1;
    %pushi/vec4 1, 0, 1;
    %store/vec4 v0x55cb5c90d2d0_0, 0, 1;
    %pushi/vec4 0, 0, 1;
    %store/vec4 v0x55cb5c90d370_0, 0, 1;
    %pushi/vec4 1, 0, 1;
    %store/vec4 v0x55cb5c90d410_0, 0, 1;
    %delay 10, 0;
    %pushi/vec4 1, 0, 1;
    %store/vec4 v0x55cb5c90d210_0, 0, 1;
    %pushi/vec4 1, 0, 1;
    %store/vec4 v0x55cb5c90d2d0_0, 0, 1;
    %pushi/vec4 1, 0, 1;
    %store/vec4 v0x55cb5c90d370_0, 0, 1;
    %pushi/vec4 0, 0, 1;
    %store/vec4 v0x55cb5c90d410_0, 0, 1;
    %delay 10, 0;
    %pushi/vec4 1, 0, 1;
    %store/vec4 v0x55cb5c90d210_0, 0, 1;
    %pushi/vec4 1, 0, 1;
    %store/vec4 v0x55cb5c90d2d0_0, 0, 1;
    %pushi/vec4 1, 0, 1;
    %store/vec4 v0x55cb5c90d370_0, 0, 1;
    %pushi/vec4 1, 0, 1;
    %store/vec4 v0x55cb5c90d410_0, 0, 1;
    %delay 10, 0;
    %vpi_call 2 26 "$finish" {0 0 0};
    %end;
    .thread T_0;
# The file index is used to find the file name in the following table.
:file_names 4;
    "N/A";
    "<interactive>";
    "programTest.v";
    "program.v";
