#! /usr/bin/vvp
:ivl_version "12.0 (stable)";
:ivl_delay_selection "TYPICAL";
:vpi_time_precision + 0;
:vpi_module "/usr/lib64/ivl/system.vpi";
:vpi_module "/usr/lib64/ivl/vhdl_sys.vpi";
:vpi_module "/usr/lib64/ivl/vhdl_textio.vpi";
:vpi_module "/usr/lib64/ivl/v2005_math.vpi";
:vpi_module "/usr/lib64/ivl/va_math.vpi";
S_0x562391649940 .scope module, "and_gate_tb" "and_gate_tb" 2 1;
 .timescale 0 0;
v0x562391659500_0 .var "a", 0 0;
v0x5623916595d0_0 .var "b", 0 0;
v0x5623916596a0_0 .net "y", 0 0, L_0x5623916597a0;  1 drivers
S_0x562391649ad0 .scope module, "uut" "and_gate" 2 5, 3 1 0, S_0x562391649940;
 .timescale 0 0;
    .port_info 0 /INPUT 1 "a";
    .port_info 1 /INPUT 1 "b";
    .port_info 2 /OUTPUT 1 "y";
L_0x5623916597a0 .functor AND 1, v0x562391659500_0, v0x5623916595d0_0, C4<1>, C4<1>;
v0x56239160f470_0 .net "a", 0 0, v0x562391659500_0;  1 drivers
v0x562391659320_0 .net "b", 0 0, v0x5623916595d0_0;  1 drivers
v0x5623916593e0_0 .net "y", 0 0, L_0x5623916597a0;  alias, 1 drivers
    .scope S_0x562391649940;
T_0 ;
    %vpi_call 2 8 "$dumpfile", "example.vcd" {0 0 0};
    %vpi_call 2 9 "$dumpvars", 32'sb00000000000000000000000000000000, S_0x562391649940 {0 0 0};
    %pushi/vec4 0, 0, 1;
    %store/vec4 v0x562391659500_0, 0, 1;
    %pushi/vec4 0, 0, 1;
    %store/vec4 v0x5623916595d0_0, 0, 1;
    %delay 10, 0;
    %pushi/vec4 0, 0, 1;
    %store/vec4 v0x562391659500_0, 0, 1;
    %pushi/vec4 1, 0, 1;
    %store/vec4 v0x5623916595d0_0, 0, 1;
    %delay 10, 0;
    %pushi/vec4 1, 0, 1;
    %store/vec4 v0x562391659500_0, 0, 1;
    %pushi/vec4 0, 0, 1;
    %store/vec4 v0x5623916595d0_0, 0, 1;
    %delay 10, 0;
    %pushi/vec4 1, 0, 1;
    %store/vec4 v0x562391659500_0, 0, 1;
    %pushi/vec4 1, 0, 1;
    %store/vec4 v0x5623916595d0_0, 0, 1;
    %delay 10, 0;
    %vpi_call 2 17 "$finish" {0 0 0};
    %end;
    .thread T_0;
# The file index is used to find the file name in the following table.
:file_names 4;
    "N/A";
    "<interactive>";
    "andGate_test.v";
    "andGate.v";
