#! /usr/bin/vvp
:ivl_version "12.0 (stable)";
:ivl_delay_selection "TYPICAL";
:vpi_time_precision + 0;
:vpi_module "/usr/lib64/ivl/system.vpi";
:vpi_module "/usr/lib64/ivl/vhdl_sys.vpi";
:vpi_module "/usr/lib64/ivl/vhdl_textio.vpi";
:vpi_module "/usr/lib64/ivl/v2005_math.vpi";
:vpi_module "/usr/lib64/ivl/va_math.vpi";
S_0x55a3b2728d20 .scope module, "testParityBitGenerator" "testParityBitGenerator" 2 1;
 .timescale 0 0;
v0x55a3b274f120_0 .var "a", 3 0;
v0x55a3b274f1e0_0 .var "clk", 0 0;
v0x55a3b274f280_0 .var "i", 3 0;
v0x55a3b274f340_0 .net "pBit", 0 0, L_0x55a3b274fa00;  1 drivers
v0x55a3b274f410_0 .var "rst", 0 0;
E_0x55a3b26ff9d0 .event posedge, v0x55a3b274f410_0, v0x55a3b274f1e0_0;
S_0x55a3b2738680 .scope module, "dut" "parityBitGenerator" 2 4, 3 1 0, S_0x55a3b2728d20;
 .timescale 0 0;
    .port_info 0 /INPUT 4 "a";
    .port_info 1 /OUTPUT 1 "pBit";
L_0x55a3b274f690 .functor XOR 1, L_0x55a3b274f500, L_0x55a3b274f5f0, C4<0>, C4<0>;
L_0x55a3b274f870 .functor XOR 1, L_0x55a3b274f690, L_0x55a3b274f7d0, C4<0>, C4<0>;
L_0x55a3b274fa00 .functor XOR 1, L_0x55a3b274f870, L_0x55a3b274f930, C4<0>, C4<0>;
v0x55a3b2738860_0 .net *"_ivl_1", 0 0, L_0x55a3b274f500;  1 drivers
v0x55a3b274ea90_0 .net *"_ivl_11", 0 0, L_0x55a3b274f930;  1 drivers
v0x55a3b274eb70_0 .net *"_ivl_3", 0 0, L_0x55a3b274f5f0;  1 drivers
v0x55a3b274ec30_0 .net *"_ivl_4", 0 0, L_0x55a3b274f690;  1 drivers
v0x55a3b274ed10_0 .net *"_ivl_7", 0 0, L_0x55a3b274f7d0;  1 drivers
v0x55a3b274ee40_0 .net *"_ivl_8", 0 0, L_0x55a3b274f870;  1 drivers
v0x55a3b274ef20_0 .net "a", 3 0, v0x55a3b274f120_0;  1 drivers
v0x55a3b274f000_0 .net "pBit", 0 0, L_0x55a3b274fa00;  alias, 1 drivers
L_0x55a3b274f500 .part v0x55a3b274f120_0, 3, 1;
L_0x55a3b274f5f0 .part v0x55a3b274f120_0, 2, 1;
L_0x55a3b274f7d0 .part v0x55a3b274f120_0, 1, 1;
L_0x55a3b274f930 .part v0x55a3b274f120_0, 0, 1;
    .scope S_0x55a3b2728d20;
T_0 ;
    %pushi/vec4 0, 0, 1;
    %store/vec4 v0x55a3b274f1e0_0, 0, 1;
    %pushi/vec4 1, 0, 1;
    %store/vec4 v0x55a3b274f410_0, 0, 1;
    %delay 20, 0;
    %pushi/vec4 0, 0, 1;
    %store/vec4 v0x55a3b274f410_0, 0, 1;
    %end;
    .thread T_0;
    .scope S_0x55a3b2728d20;
T_1 ;
    %delay 10, 0;
    %load/vec4 v0x55a3b274f1e0_0;
    %inv;
    %store/vec4 v0x55a3b274f1e0_0, 0, 1;
    %jmp T_1;
    .thread T_1;
    .scope S_0x55a3b2728d20;
T_2 ;
    %wait E_0x55a3b26ff9d0;
    %load/vec4 v0x55a3b274f410_0;
    %flag_set/vec4 8;
    %jmp/0xz  T_2.0, 8;
    %pushi/vec4 0, 0, 4;
    %assign/vec4 v0x55a3b274f280_0, 0;
    %jmp T_2.1;
T_2.0 ;
    %vpi_func 2 24 "$random" 32 {0 0 0};
    %pushi/vec4 16, 0, 32;
    %mod/s;
    %pad/s 4;
    %assign/vec4 v0x55a3b274f120_0, 0;
    %load/vec4 v0x55a3b274f280_0;
    %addi 1, 0, 4;
    %assign/vec4 v0x55a3b274f280_0, 0;
    %load/vec4 v0x55a3b274f280_0;
    %pad/u 32;
    %cmpi/e 10, 0, 32;
    %jmp/0xz  T_2.2, 4;
    %delay 10, 0;
    %vpi_call 2 28 "$finish" {0 0 0};
T_2.2 ;
T_2.1 ;
    %jmp T_2;
    .thread T_2;
    .scope S_0x55a3b2728d20;
T_3 ;
    %vpi_call 2 34 "$monitor", "%d: a=%b, pBit=%b", $time, v0x55a3b274f120_0, v0x55a3b274f340_0 {0 0 0};
    %vpi_call 2 35 "$dumpfile", "waveform.vcd" {0 0 0};
    %vpi_call 2 36 "$dumpvars" {0 0 0};
    %end;
    .thread T_3;
# The file index is used to find the file name in the following table.
:file_names 4;
    "N/A";
    "<interactive>";
    "testProgram.v";
    "program.v";
