#! /usr/bin/vvp
:ivl_version "12.0 (stable)";
:ivl_delay_selection "TYPICAL";
:vpi_time_precision + 0;
:vpi_module "/usr/lib64/ivl/system.vpi";
:vpi_module "/usr/lib64/ivl/vhdl_sys.vpi";
:vpi_module "/usr/lib64/ivl/vhdl_textio.vpi";
:vpi_module "/usr/lib64/ivl/v2005_math.vpi";
:vpi_module "/usr/lib64/ivl/va_math.vpi";
S_0x5564bc9e8150 .scope module, "testPriorityEncoder" "testPriorityEncoder" 2 1;
 .timescale 0 0;
v0x5564bca0bba0_0 .var "a", 3 0;
v0x5564bca0bc80_0 .var "b", 3 0;
v0x5564bca0bd50_0 .var "cin", 0 0;
v0x5564bca0be20_0 .var "clk", 0 0;
v0x5564bca0bec0_0 .net "cout", 0 0, L_0x5564bca0dc40;  1 drivers
v0x5564bca0c000_0 .var "o", 7 0;
v0x5564bca0c0c0_0 .var "rst", 0 0;
v0x5564bca0c180_0 .net "sum", 3 0, L_0x5564bca0dfa0;  1 drivers
E_0x5564bc9dd880 .event posedge, v0x5564bca0c0c0_0, v0x5564bca0be20_0;
S_0x5564bc9a3470 .scope module, "dut" "rca" 2 6, 3 21 0, S_0x5564bc9e8150;
 .timescale 0 0;
    .port_info 0 /INPUT 4 "a";
    .port_info 1 /INPUT 4 "b";
    .port_info 2 /INPUT 1 "cin";
    .port_info 3 /OUTPUT 4 "sum";
    .port_info 4 /OUTPUT 1 "cout";
v0x5564bca0b4c0_0 .net "a", 3 0, v0x5564bca0bba0_0;  1 drivers
v0x5564bca0b5c0_0 .net "b", 3 0, v0x5564bca0bc80_0;  1 drivers
v0x5564bca0b6a0_0 .net "c1", 0 0, L_0x5564bca0c5e0;  1 drivers
v0x5564bca0b740_0 .net "c2", 0 0, L_0x5564bca0cd50;  1 drivers
v0x5564bca0b7e0_0 .net "c3", 0 0, L_0x5564bca0d430;  1 drivers
v0x5564bca0b8d0_0 .net "cin", 0 0, v0x5564bca0bd50_0;  1 drivers
v0x5564bca0b9c0_0 .net "cout", 0 0, L_0x5564bca0dc40;  alias, 1 drivers
v0x5564bca0ba60_0 .net "sum", 3 0, L_0x5564bca0dfa0;  alias, 1 drivers
L_0x5564bca0c720 .part v0x5564bca0bba0_0, 0, 1;
L_0x5564bca0c870 .part v0x5564bca0bc80_0, 0, 1;
L_0x5564bca0ce90 .part v0x5564bca0bba0_0, 1, 1;
L_0x5564bca0cfc0 .part v0x5564bca0bc80_0, 1, 1;
L_0x5564bca0d570 .part v0x5564bca0bba0_0, 2, 1;
L_0x5564bca0d730 .part v0x5564bca0bc80_0, 2, 1;
L_0x5564bca0dcf0 .part v0x5564bca0bba0_0, 3, 1;
L_0x5564bca0de20 .part v0x5564bca0bc80_0, 3, 1;
L_0x5564bca0dfa0 .concat8 [ 1 1 1 1], L_0x5564bca0c550, L_0x5564bca0ccc0, L_0x5564bca0d3a0, L_0x5564bca0dbb0;
S_0x5564bc9a3650 .scope module, "fa1" "fullAdder" 3 28, 3 11 0, S_0x5564bc9a3470;
 .timescale 0 0;
    .port_info 0 /INPUT 1 "x";
    .port_info 1 /INPUT 1 "y";
    .port_info 2 /INPUT 1 "cin";
    .port_info 3 /OUTPUT 1 "sum";
    .port_info 4 /OUTPUT 1 "cout";
L_0x5564bca0c5e0 .functor OR 1, L_0x5564bca0c240, L_0x5564bca0c450, C4<0>, C4<0>;
v0x5564bca06ef0_0 .net "c1", 0 0, L_0x5564bca0c240;  1 drivers
v0x5564bca06fb0_0 .net "c2", 0 0, L_0x5564bca0c450;  1 drivers
v0x5564bca07080_0 .net "cin", 0 0, v0x5564bca0bd50_0;  alias, 1 drivers
v0x5564bca07180_0 .net "cout", 0 0, L_0x5564bca0c5e0;  alias, 1 drivers
v0x5564bca07220_0 .net "s1", 0 0, L_0x5564bca0c3c0;  1 drivers
v0x5564bca07360_0 .net "sum", 0 0, L_0x5564bca0c550;  1 drivers
v0x5564bca07400_0 .net "x", 0 0, L_0x5564bca0c720;  1 drivers
v0x5564bca074a0_0 .net "y", 0 0, L_0x5564bca0c870;  1 drivers
S_0x5564bc9de660 .scope module, "h1" "halfAdder" 3 16, 3 1 0, S_0x5564bc9a3650;
 .timescale 0 0;
    .port_info 0 /INPUT 1 "x";
    .port_info 1 /INPUT 1 "y";
    .port_info 2 /OUTPUT 1 "cout";
    .port_info 3 /OUTPUT 1 "sum";
L_0x5564bca0c240 .functor AND 1, L_0x5564bca0c720, L_0x5564bca0c870, C4<1>, C4<1>;
L_0x5564bca0c3c0 .functor XOR 1, L_0x5564bca0c720, L_0x5564bca0c870, C4<0>, C4<0>;
v0x5564bc9d6ea0_0 .net "cout", 0 0, L_0x5564bca0c240;  alias, 1 drivers
v0x5564bc9d57f0_0 .net "sum", 0 0, L_0x5564bca0c3c0;  alias, 1 drivers
v0x5564bca067c0_0 .net "x", 0 0, L_0x5564bca0c720;  alias, 1 drivers
v0x5564bca06860_0 .net "y", 0 0, L_0x5564bca0c870;  alias, 1 drivers
S_0x5564bca069a0 .scope module, "h2" "halfAdder" 3 17, 3 1 0, S_0x5564bc9a3650;
 .timescale 0 0;
    .port_info 0 /INPUT 1 "x";
    .port_info 1 /INPUT 1 "y";
    .port_info 2 /OUTPUT 1 "cout";
    .port_info 3 /OUTPUT 1 "sum";
L_0x5564bca0c450 .functor AND 1, L_0x5564bca0c3c0, v0x5564bca0bd50_0, C4<1>, C4<1>;
L_0x5564bca0c550 .functor XOR 1, L_0x5564bca0c3c0, v0x5564bca0bd50_0, C4<0>, C4<0>;
v0x5564bca06ba0_0 .net "cout", 0 0, L_0x5564bca0c450;  alias, 1 drivers
v0x5564bca06c60_0 .net "sum", 0 0, L_0x5564bca0c550;  alias, 1 drivers
v0x5564bca06d20_0 .net "x", 0 0, L_0x5564bca0c3c0;  alias, 1 drivers
v0x5564bca06dc0_0 .net "y", 0 0, v0x5564bca0bd50_0;  alias, 1 drivers
S_0x5564bca075a0 .scope module, "fa2" "fullAdder" 3 29, 3 11 0, S_0x5564bc9a3470;
 .timescale 0 0;
    .port_info 0 /INPUT 1 "x";
    .port_info 1 /INPUT 1 "y";
    .port_info 2 /INPUT 1 "cin";
    .port_info 3 /OUTPUT 1 "sum";
    .port_info 4 /OUTPUT 1 "cout";
L_0x5564bca0cd50 .functor OR 1, L_0x5564bca0c9a0, L_0x5564bca0cb30, C4<0>, C4<0>;
v0x5564bca083f0_0 .net "c1", 0 0, L_0x5564bca0c9a0;  1 drivers
v0x5564bca084b0_0 .net "c2", 0 0, L_0x5564bca0cb30;  1 drivers
v0x5564bca08580_0 .net "cin", 0 0, L_0x5564bca0c5e0;  alias, 1 drivers
v0x5564bca086a0_0 .net "cout", 0 0, L_0x5564bca0cd50;  alias, 1 drivers
v0x5564bca08740_0 .net "s1", 0 0, L_0x5564bca0caa0;  1 drivers
v0x5564bca08880_0 .net "sum", 0 0, L_0x5564bca0ccc0;  1 drivers
v0x5564bca08920_0 .net "x", 0 0, L_0x5564bca0ce90;  1 drivers
v0x5564bca089c0_0 .net "y", 0 0, L_0x5564bca0cfc0;  1 drivers
S_0x5564bca07780 .scope module, "h1" "halfAdder" 3 16, 3 1 0, S_0x5564bca075a0;
 .timescale 0 0;
    .port_info 0 /INPUT 1 "x";
    .port_info 1 /INPUT 1 "y";
    .port_info 2 /OUTPUT 1 "cout";
    .port_info 3 /OUTPUT 1 "sum";
L_0x5564bca0c9a0 .functor AND 1, L_0x5564bca0ce90, L_0x5564bca0cfc0, C4<1>, C4<1>;
L_0x5564bca0caa0 .functor XOR 1, L_0x5564bca0ce90, L_0x5564bca0cfc0, C4<0>, C4<0>;
v0x5564bca07a00_0 .net "cout", 0 0, L_0x5564bca0c9a0;  alias, 1 drivers
v0x5564bca07ae0_0 .net "sum", 0 0, L_0x5564bca0caa0;  alias, 1 drivers
v0x5564bca07ba0_0 .net "x", 0 0, L_0x5564bca0ce90;  alias, 1 drivers
v0x5564bca07c70_0 .net "y", 0 0, L_0x5564bca0cfc0;  alias, 1 drivers
S_0x5564bca07de0 .scope module, "h2" "halfAdder" 3 17, 3 1 0, S_0x5564bca075a0;
 .timescale 0 0;
    .port_info 0 /INPUT 1 "x";
    .port_info 1 /INPUT 1 "y";
    .port_info 2 /OUTPUT 1 "cout";
    .port_info 3 /OUTPUT 1 "sum";
L_0x5564bca0cb30 .functor AND 1, L_0x5564bca0caa0, L_0x5564bca0c5e0, C4<1>, C4<1>;
L_0x5564bca0ccc0 .functor XOR 1, L_0x5564bca0caa0, L_0x5564bca0c5e0, C4<0>, C4<0>;
v0x5564bca08050_0 .net "cout", 0 0, L_0x5564bca0cb30;  alias, 1 drivers
v0x5564bca08110_0 .net "sum", 0 0, L_0x5564bca0ccc0;  alias, 1 drivers
v0x5564bca081d0_0 .net "x", 0 0, L_0x5564bca0caa0;  alias, 1 drivers
v0x5564bca082d0_0 .net "y", 0 0, L_0x5564bca0c5e0;  alias, 1 drivers
S_0x5564bca08a90 .scope module, "fa3" "fullAdder" 3 30, 3 11 0, S_0x5564bc9a3470;
 .timescale 0 0;
    .port_info 0 /INPUT 1 "x";
    .port_info 1 /INPUT 1 "y";
    .port_info 2 /INPUT 1 "cin";
    .port_info 3 /OUTPUT 1 "sum";
    .port_info 4 /OUTPUT 1 "cout";
L_0x5564bca0d430 .functor OR 1, L_0x5564bca0d0f0, L_0x5564bca0d210, C4<0>, C4<0>;
v0x5564bca09910_0 .net "c1", 0 0, L_0x5564bca0d0f0;  1 drivers
v0x5564bca099d0_0 .net "c2", 0 0, L_0x5564bca0d210;  1 drivers
v0x5564bca09aa0_0 .net "cin", 0 0, L_0x5564bca0cd50;  alias, 1 drivers
v0x5564bca09bc0_0 .net "cout", 0 0, L_0x5564bca0d430;  alias, 1 drivers
v0x5564bca09c60_0 .net "s1", 0 0, L_0x5564bca0d180;  1 drivers
v0x5564bca09da0_0 .net "sum", 0 0, L_0x5564bca0d3a0;  1 drivers
v0x5564bca09e40_0 .net "x", 0 0, L_0x5564bca0d570;  1 drivers
v0x5564bca09ee0_0 .net "y", 0 0, L_0x5564bca0d730;  1 drivers
S_0x5564bca08ca0 .scope module, "h1" "halfAdder" 3 16, 3 1 0, S_0x5564bca08a90;
 .timescale 0 0;
    .port_info 0 /INPUT 1 "x";
    .port_info 1 /INPUT 1 "y";
    .port_info 2 /OUTPUT 1 "cout";
    .port_info 3 /OUTPUT 1 "sum";
L_0x5564bca0d0f0 .functor AND 1, L_0x5564bca0d570, L_0x5564bca0d730, C4<1>, C4<1>;
L_0x5564bca0d180 .functor XOR 1, L_0x5564bca0d570, L_0x5564bca0d730, C4<0>, C4<0>;
v0x5564bca08f20_0 .net "cout", 0 0, L_0x5564bca0d0f0;  alias, 1 drivers
v0x5564bca09000_0 .net "sum", 0 0, L_0x5564bca0d180;  alias, 1 drivers
v0x5564bca090c0_0 .net "x", 0 0, L_0x5564bca0d570;  alias, 1 drivers
v0x5564bca09190_0 .net "y", 0 0, L_0x5564bca0d730;  alias, 1 drivers
S_0x5564bca09300 .scope module, "h2" "halfAdder" 3 17, 3 1 0, S_0x5564bca08a90;
 .timescale 0 0;
    .port_info 0 /INPUT 1 "x";
    .port_info 1 /INPUT 1 "y";
    .port_info 2 /OUTPUT 1 "cout";
    .port_info 3 /OUTPUT 1 "sum";
L_0x5564bca0d210 .functor AND 1, L_0x5564bca0d180, L_0x5564bca0cd50, C4<1>, C4<1>;
L_0x5564bca0d3a0 .functor XOR 1, L_0x5564bca0d180, L_0x5564bca0cd50, C4<0>, C4<0>;
v0x5564bca09570_0 .net "cout", 0 0, L_0x5564bca0d210;  alias, 1 drivers
v0x5564bca09630_0 .net "sum", 0 0, L_0x5564bca0d3a0;  alias, 1 drivers
v0x5564bca096f0_0 .net "x", 0 0, L_0x5564bca0d180;  alias, 1 drivers
v0x5564bca097f0_0 .net "y", 0 0, L_0x5564bca0cd50;  alias, 1 drivers
S_0x5564bca09fb0 .scope module, "fa4" "fullAdder" 3 31, 3 11 0, S_0x5564bc9a3470;
 .timescale 0 0;
    .port_info 0 /INPUT 1 "x";
    .port_info 1 /INPUT 1 "y";
    .port_info 2 /INPUT 1 "cin";
    .port_info 3 /OUTPUT 1 "sum";
    .port_info 4 /OUTPUT 1 "cout";
L_0x5564bca0dc40 .functor OR 1, L_0x5564bca0d930, L_0x5564bca0da70, C4<0>, C4<0>;
v0x5564bca0ae20_0 .net "c1", 0 0, L_0x5564bca0d930;  1 drivers
v0x5564bca0aee0_0 .net "c2", 0 0, L_0x5564bca0da70;  1 drivers
v0x5564bca0afb0_0 .net "cin", 0 0, L_0x5564bca0d430;  alias, 1 drivers
v0x5564bca0b0d0_0 .net "cout", 0 0, L_0x5564bca0dc40;  alias, 1 drivers
v0x5564bca0b170_0 .net "s1", 0 0, L_0x5564bca0d9e0;  1 drivers
v0x5564bca0b2b0_0 .net "sum", 0 0, L_0x5564bca0dbb0;  1 drivers
v0x5564bca0b350_0 .net "x", 0 0, L_0x5564bca0dcf0;  1 drivers
v0x5564bca0b3f0_0 .net "y", 0 0, L_0x5564bca0de20;  1 drivers
S_0x5564bca0a190 .scope module, "h1" "halfAdder" 3 16, 3 1 0, S_0x5564bca09fb0;
 .timescale 0 0;
    .port_info 0 /INPUT 1 "x";
    .port_info 1 /INPUT 1 "y";
    .port_info 2 /OUTPUT 1 "cout";
    .port_info 3 /OUTPUT 1 "sum";
L_0x5564bca0d930 .functor AND 1, L_0x5564bca0dcf0, L_0x5564bca0de20, C4<1>, C4<1>;
L_0x5564bca0d9e0 .functor XOR 1, L_0x5564bca0dcf0, L_0x5564bca0de20, C4<0>, C4<0>;
v0x5564bca0a430_0 .net "cout", 0 0, L_0x5564bca0d930;  alias, 1 drivers
v0x5564bca0a510_0 .net "sum", 0 0, L_0x5564bca0d9e0;  alias, 1 drivers
v0x5564bca0a5d0_0 .net "x", 0 0, L_0x5564bca0dcf0;  alias, 1 drivers
v0x5564bca0a6a0_0 .net "y", 0 0, L_0x5564bca0de20;  alias, 1 drivers
S_0x5564bca0a810 .scope module, "h2" "halfAdder" 3 17, 3 1 0, S_0x5564bca09fb0;
 .timescale 0 0;
    .port_info 0 /INPUT 1 "x";
    .port_info 1 /INPUT 1 "y";
    .port_info 2 /OUTPUT 1 "cout";
    .port_info 3 /OUTPUT 1 "sum";
L_0x5564bca0da70 .functor AND 1, L_0x5564bca0d9e0, L_0x5564bca0d430, C4<1>, C4<1>;
L_0x5564bca0dbb0 .functor XOR 1, L_0x5564bca0d9e0, L_0x5564bca0d430, C4<0>, C4<0>;
v0x5564bca0aa80_0 .net "cout", 0 0, L_0x5564bca0da70;  alias, 1 drivers
v0x5564bca0ab40_0 .net "sum", 0 0, L_0x5564bca0dbb0;  alias, 1 drivers
v0x5564bca0ac00_0 .net "x", 0 0, L_0x5564bca0d9e0;  alias, 1 drivers
v0x5564bca0ad00_0 .net "y", 0 0, L_0x5564bca0d430;  alias, 1 drivers
    .scope S_0x5564bc9e8150;
T_0 ;
    %pushi/vec4 0, 0, 1;
    %store/vec4 v0x5564bca0be20_0, 0, 1;
    %pushi/vec4 1, 0, 1;
    %store/vec4 v0x5564bca0c0c0_0, 0, 1;
    %delay 20, 0;
    %pushi/vec4 0, 0, 1;
    %store/vec4 v0x5564bca0c0c0_0, 0, 1;
    %end;
    .thread T_0;
    .scope S_0x5564bc9e8150;
T_1 ;
    %delay 10, 0;
    %load/vec4 v0x5564bca0be20_0;
    %inv;
    %store/vec4 v0x5564bca0be20_0, 0, 1;
    %jmp T_1;
    .thread T_1;
    .scope S_0x5564bc9e8150;
T_2 ;
    %wait E_0x5564bc9dd880;
    %load/vec4 v0x5564bca0c0c0_0;
    %flag_set/vec4 8;
    %jmp/0xz  T_2.0, 8;
    %pushi/vec4 0, 0, 8;
    %assign/vec4 v0x5564bca0c000_0, 0;
    %jmp T_2.1;
T_2.0 ;
    %vpi_func 2 25 "$random" 32 {0 0 0};
    %pushi/vec4 16, 0, 32;
    %mod/s;
    %pad/s 4;
    %store/vec4 v0x5564bca0bba0_0, 0, 4;
    %vpi_func 2 26 "$random" 32 {0 0 0};
    %pushi/vec4 16, 0, 32;
    %mod/s;
    %pad/s 4;
    %store/vec4 v0x5564bca0bc80_0, 0, 4;
    %vpi_func 2 27 "$random" 32 {0 0 0};
    %pushi/vec4 2, 0, 32;
    %mod/s;
    %pad/s 1;
    %store/vec4 v0x5564bca0bd50_0, 0, 1;
    %load/vec4 v0x5564bca0c000_0;
    %addi 1, 0, 8;
    %assign/vec4 v0x5564bca0c000_0, 0;
    %load/vec4 v0x5564bca0c000_0;
    %pad/u 32;
    %cmpi/e 5, 0, 32;
    %jmp/0xz  T_2.2, 4;
    %delay 10, 0;
    %vpi_call 2 31 "$finish" {0 0 0};
T_2.2 ;
T_2.1 ;
    %jmp T_2;
    .thread T_2;
    .scope S_0x5564bc9e8150;
T_3 ;
    %vpi_call 2 37 "$monitor", "%d: a=%b,b=%b,cin=%b,sum=%b,cout=%b", $time, v0x5564bca0bba0_0, v0x5564bca0bc80_0, v0x5564bca0bd50_0, v0x5564bca0c180_0, v0x5564bca0bec0_0 {0 0 0};
    %vpi_call 2 38 "$dumpfile", "waveform.vcd" {0 0 0};
    %vpi_call 2 39 "$dumpvars" {0 0 0};
    %end;
    .thread T_3;
# The file index is used to find the file name in the following table.
:file_names 4;
    "N/A";
    "<interactive>";
    "testProgram.v";
    "program.v";
