#! /usr/bin/vvp
:ivl_version "12.0 (stable)";
:ivl_delay_selection "TYPICAL";
:vpi_time_precision + 0;
:vpi_module "/usr/lib64/ivl/system.vpi";
:vpi_module "/usr/lib64/ivl/vhdl_sys.vpi";
:vpi_module "/usr/lib64/ivl/vhdl_textio.vpi";
:vpi_module "/usr/lib64/ivl/v2005_math.vpi";
:vpi_module "/usr/lib64/ivl/va_math.vpi";
S_0x555bb3c38c00 .scope module, "test8BitAdder" "test8BitAdder" 2 1;
 .timescale 0 0;
v0x555bb3c4e760_0 .var "cin", 0 0;
v0x555bb3c4e820_0 .net "cout", 0 0, L_0x555bb3c4eb60;  1 drivers
v0x555bb3c4e8f0_0 .var "in1", 7 0;
v0x555bb3c4e9f0_0 .var "in2", 7 0;
v0x555bb3c4eac0_0 .net "sum", 7 0, L_0x555bb3c4ec50;  1 drivers
S_0x555bb3c38d90 .scope module, "uut" "adder8Bit" 2 7, 3 1 0, S_0x555bb3c38c00;
 .timescale 0 0;
    .port_info 0 /INPUT 1 "cin";
    .port_info 1 /INPUT 8 "in1";
    .port_info 2 /INPUT 8 "in2";
    .port_info 3 /OUTPUT 1 "cout";
    .port_info 4 /OUTPUT 8 "sum";
L_0x7fc8249c5060 .functor BUFT 1, C4<0>, C4<0>, C4<0>, C4<0>;
v0x555bb3bff470_0 .net *"_ivl_10", 0 0, L_0x7fc8249c5060;  1 drivers
v0x555bb3c4dc20_0 .net *"_ivl_11", 8 0, L_0x555bb3c4f040;  1 drivers
v0x555bb3c4dd00_0 .net *"_ivl_13", 8 0, L_0x555bb3c4f180;  1 drivers
L_0x7fc8249c50a8 .functor BUFT 1, C4<00000000>, C4<0>, C4<0>, C4<0>;
v0x555bb3c4ddf0_0 .net *"_ivl_16", 7 0, L_0x7fc8249c50a8;  1 drivers
v0x555bb3c4ded0_0 .net *"_ivl_17", 8 0, L_0x555bb3c4f300;  1 drivers
v0x555bb3c4e000_0 .net *"_ivl_3", 8 0, L_0x555bb3c4ed90;  1 drivers
L_0x7fc8249c5018 .functor BUFT 1, C4<0>, C4<0>, C4<0>, C4<0>;
v0x555bb3c4e0e0_0 .net *"_ivl_6", 0 0, L_0x7fc8249c5018;  1 drivers
v0x555bb3c4e1c0_0 .net *"_ivl_7", 8 0, L_0x555bb3c4eed0;  1 drivers
v0x555bb3c4e2a0_0 .net "cin", 0 0, v0x555bb3c4e760_0;  1 drivers
v0x555bb3c4e360_0 .net "cout", 0 0, L_0x555bb3c4eb60;  alias, 1 drivers
v0x555bb3c4e420_0 .net "in1", 7 0, v0x555bb3c4e8f0_0;  1 drivers
v0x555bb3c4e500_0 .net "in2", 7 0, v0x555bb3c4e9f0_0;  1 drivers
v0x555bb3c4e5e0_0 .net "sum", 7 0, L_0x555bb3c4ec50;  alias, 1 drivers
L_0x555bb3c4eb60 .part L_0x555bb3c4f300, 8, 1;
L_0x555bb3c4ec50 .part L_0x555bb3c4f300, 0, 8;
L_0x555bb3c4ed90 .concat [ 8 1 0 0], v0x555bb3c4e8f0_0, L_0x7fc8249c5018;
L_0x555bb3c4eed0 .concat [ 8 1 0 0], v0x555bb3c4e9f0_0, L_0x7fc8249c5060;
L_0x555bb3c4f040 .arith/sum 9, L_0x555bb3c4ed90, L_0x555bb3c4eed0;
L_0x555bb3c4f180 .concat [ 1 8 0 0], v0x555bb3c4e760_0, L_0x7fc8249c50a8;
L_0x555bb3c4f300 .arith/sum 9, L_0x555bb3c4f040, L_0x555bb3c4f180;
    .scope S_0x555bb3c38c00;
T_0 ;
    %vpi_call 2 10 "$dumpfile", "wave.vcd" {0 0 0};
    %vpi_call 2 11 "$dumpvars", 32'sb00000000000000000000000000000000, S_0x555bb3c38c00 {0 0 0};
    %vpi_call 2 12 "$monitor", "in1=%b,in2=%b,cin=%b,cout=%b,sum=%b", v0x555bb3c4e8f0_0, v0x555bb3c4e9f0_0, v0x555bb3c4e760_0, v0x555bb3c4e820_0, v0x555bb3c4eac0_0 {0 0 0};
    %delay 50, 0;
    %pushi/vec4 80, 0, 8;
    %store/vec4 v0x555bb3c4e8f0_0, 0, 8;
    %pushi/vec4 240, 0, 8;
    %store/vec4 v0x555bb3c4e9f0_0, 0, 8;
    %pushi/vec4 0, 0, 1;
    %store/vec4 v0x555bb3c4e760_0, 0, 1;
    %delay 50, 0;
    %pushi/vec4 240, 0, 8;
    %store/vec4 v0x555bb3c4e8f0_0, 0, 8;
    %pushi/vec4 173, 0, 8;
    %store/vec4 v0x555bb3c4e9f0_0, 0, 8;
    %pushi/vec4 1, 0, 1;
    %store/vec4 v0x555bb3c4e760_0, 0, 1;
    %delay 50, 0;
    %pushi/vec4 109, 0, 8;
    %store/vec4 v0x555bb3c4e8f0_0, 0, 8;
    %pushi/vec4 140, 0, 8;
    %store/vec4 v0x555bb3c4e9f0_0, 0, 8;
    %pushi/vec4 0, 0, 1;
    %store/vec4 v0x555bb3c4e760_0, 0, 1;
    %delay 50, 0;
    %vpi_call 2 18 "$finish" {0 0 0};
    %end;
    .thread T_0;
# The file index is used to find the file name in the following table.
:file_names 4;
    "N/A";
    "<interactive>";
    "testProgram.v";
    "program.v";
